:exists 

((n0 1) (n1 1) (n2 1) (n3 1) (n4 1) (n5 1) (n6 1) (n7 1) (n8 1) (n9 1) (n10 1) (n11 1) (n12 1) (n13 1) (n14 1) (n15 1) (n16 1) (n17 1) (n18 1) (n19 1) (n20 1) (n21 1) (n22 1) (n23 1) (n24 1) (n25 1) (n26 1) (n27 1) (n28 1) (n29 1) (n30 1) (n31 1) )

((set0 (1) ((in 1)) (and 1b0 1b0)) (set1 (1) ((in 1))(and 1b1 1b1)) (buf (1) ((in 1))(in 0)))

(local ((n9373 (or n16 n0)) 
(n81 (and n16 n0)) 
(n9793 (or n1 n17)) 
(n86 (and n1 n17)) 
(n9690 (or n15 n31)) 
(n299 (and n15 n31)) 
(n50 (not n9793)) 
(n87 (not n86)) 
(n64 (not n9690)) 
(n300 (not n299)) 
(n9584 (not n81)) 
(n82 (not n81)) 
(n6359 (not n50)) 
(n89 (not n50)) 
(n9262 (not n64)) 
(n298 (not n64)) 
(n9369 (and n82 n9373)) 
(n90 (and n87 n89)) 
(n301 (and n298 n300)) 
(n683 (buf n9369)) 
(n9587 (or n9584 n90)) 
(n94 (and n82 n90)) 
(n6363 (not n94)) 
(n95 (not n94)) 
(n6362 (and n6359 n6363)) 
(n9583 (and n95 n9587)) 
(n4849 (not n9583)) 
(n101 (not n6362)) 
(n104 (and n6362 n2)) 
(n684 (buf n4849)) 
(n9158 (not n101)) 
(n9157 (or n2 n9158)) 
(n105 (not n104)) 
(n9153 (and n105 n9157)) 
(n7754 (or n18 n9153)) 
(n108 (and n18 n9153)) 
(n6255 (or n104 n108)) 
(n109 (not n108)) 
(n7750 (and n109 n7754)) 
(n116 (not n6255)) 
(n119 (and n6255 n3)) 
(n685 (buf n7750)) 
(n9050 (not n116)) 
(n9049 (or n3 n9050)) 
(n120 (not n119)) 
(n9045 (and n120 n9049)) 
(n7647 (or n19 n9045)) 
(n123 (and n19 n9045)) 
(n6148 (or n119 n123)) 
(n124 (not n123)) 
(n7643 (and n124 n7647)) 
(n131 (not n6148)) 
(n134 (and n6148 n4)) 
(n686 (buf n7643)) 
(n8942 (not n131)) 
(n8941 (or n4 n8942)) 
(n135 (not n134)) 
(n8937 (and n135 n8941)) 
(n7540 (or n20 n8937)) 
(n138 (and n20 n8937)) 
(n6041 (or n134 n138)) 
(n139 (not n138)) 
(n7536 (and n139 n7540)) 
(n146 (not n6041)) 
(n149 (and n6041 n5)) 
(n687 (buf n7536)) 
(n8834 (not n146)) 
(n8833 (or n5 n8834)) 
(n150 (not n149)) 
(n8829 (and n150 n8833)) 
(n7433 (or n21 n8829)) 
(n153 (and n21 n8829)) 
(n5934 (or n149 n153)) 
(n154 (not n153)) 
(n7429 (and n154 n7433)) 
(n161 (not n5934)) 
(n164 (and n5934 n6)) 
(n688 (buf n7429)) 
(n8726 (not n161)) 
(n8725 (or n6 n8726)) 
(n165 (not n164)) 
(n8721 (and n165 n8725)) 
(n7326 (or n22 n8721)) 
(n168 (and n22 n8721)) 
(n5827 (or n164 n168)) 
(n169 (not n168)) 
(n7322 (and n169 n7326)) 
(n176 (not n5827)) 
(n177 (and n5827 n7)) 
(n689 (buf n7322)) 
(n8618 (not n176)) 
(n8617 (or n7 n8618)) 
(n178 (not n177)) 
(n8613 (and n178 n8617)) 
(n7219 (or n23 n8613)) 
(n183 (and n23 n8613)) 
(n5720 (or n177 n183)) 
(n184 (not n183)) 
(n7215 (and n184 n7219)) 
(n191 (not n5720)) 
(n194 (and n5720 n8)) 
(n690 (buf n7215)) 
(n8510 (not n191)) 
(n8509 (or n8 n8510)) 
(n195 (not n194)) 
(n8505 (and n195 n8509)) 
(n7112 (or n24 n8505)) 
(n198 (and n24 n8505)) 
(n5613 (or n194 n198)) 
(n199 (not n198)) 
(n7108 (and n199 n7112)) 
(n206 (not n5613)) 
(n209 (and n5613 n9)) 
(n691 (buf n7108)) 
(n8402 (not n206)) 
(n8401 (or n9 n8402)) 
(n210 (not n209)) 
(n8397 (and n210 n8401)) 
(n7005 (or n25 n8397)) 
(n213 (and n25 n8397)) 
(n5506 (or n209 n213)) 
(n214 (not n213)) 
(n7001 (and n214 n7005)) 
(n221 (not n5506)) 
(n224 (and n5506 n10)) 
(n692 (buf n7001)) 
(n8294 (not n221)) 
(n8293 (or n10 n8294)) 
(n225 (not n224)) 
(n8289 (and n225 n8293)) 
(n6898 (or n26 n8289)) 
(n228 (and n26 n8289)) 
(n5399 (or n224 n228)) 
(n229 (not n228)) 
(n6894 (and n229 n6898)) 
(n236 (not n5399)) 
(n239 (and n5399 n11)) 
(n693 (buf n6894)) 
(n8186 (not n236)) 
(n8185 (or n11 n8186)) 
(n240 (not n239)) 
(n8181 (and n240 n8185)) 
(n6791 (or n27 n8181)) 
(n243 (and n27 n8181)) 
(n5292 (or n239 n243)) 
(n244 (not n243)) 
(n6787 (and n244 n6791)) 
(n251 (not n5292)) 
(n254 (and n5292 n12)) 
(n694 (buf n6787)) 
(n8078 (not n251)) 
(n8077 (or n12 n8078)) 
(n255 (not n254)) 
(n8073 (and n255 n8077)) 
(n6684 (or n28 n8073)) 
(n258 (and n28 n8073)) 
(n5185 (or n254 n258)) 
(n259 (not n258)) 
(n6680 (and n259 n6684)) 
(n266 (not n5185)) 
(n269 (and n5185 n13)) 
(n695 (buf n6680)) 
(n7970 (not n266)) 
(n7969 (or n13 n7970)) 
(n270 (not n269)) 
(n7965 (and n270 n7969)) 
(n6577 (or n29 n7965)) 
(n273 (and n29 n7965)) 
(n5078 (or n269 n273)) 
(n274 (not n273)) 
(n6573 (and n274 n6577)) 
(n281 (not n5078)) 
(n282 (and n5078 n14)) 
(n696 (buf n6573)) 
(n7862 (not n281)) 
(n7861 (or n14 n7862)) 
(n283 (not n282)) 
(n7857 (and n283 n7861)) 
(n6470 (or n30 n7857)) 
(n288 (and n30 n7857)) 
(n4971 (or n282 n288)) 
(n289 (not n288)) 
(n296 (not n4971)) 
(n6466 (and n289 n6470)) 
(n697 (buf n6466)) 
(n9480 (or n301 n296)) 
(n305 (and n301 n296)) 
(n9266 (not n305)) 
(n306 (not n305)) 
(n9265 (and n9262 n9266)) 
(n9476 (and n306 n9480)) 
(n699 (buf n9265)) 
(n4863 (not n9476)) 
(n698 (buf n4863)) 

n782 = NOT(n683)n783 = NOT(n684)n784 = NOT(n685)n785 = NOT(n686)n786 = NOT(n687)n787 = NOT(n688)n788 = NOT(n689)n789 = NOT(n690)n790 = NOT(n691)n791 = NOT(n692)n792 = NOT(n693)n793 = NOT(n694)n794 = NOT(n695)n795 = NOT(n696)n796 = NOT(n697)n797 = NOT(n698)n798 = NOT(n699)n750 = NOT(n0)n751 = NOT(n1)n752 = NOT(n2)n753 = NOT(n3)n754 = NOT(n4)n755 = NOT(n5)n756 = NOT(n6)n757 = NOT(n7)n758 = NOT(n8)n759 = NOT(n9)n760 = NOT(n10)n761 = NOT(n11)n762 = NOT(n12)n763 = NOT(n13)n764 = NOT(n14)n765 = NOT(n15)n766 = NOT(n16)n1881 = AND(n0, n16)n767 = NOT(n17)n1879 = AND(n1, n17)n768 = NOT(n18)n1875 = AND(n2, n18)n769 = NOT(n19)n770 = NOT(n20)n771 = NOT(n21)n772 = NOT(n22)n773 = NOT(n23)n774 = NOT(n24)n775 = NOT(n25)n776 = NOT(n26)n777 = NOT(n27)n778 = NOT(n28)n779 = NOT(n29)n780 = NOT(n30)n781 = NOT(n31)n1880 = NOT(n1879)n1876 = NOT(n1875)n803 = AND(n699, n796)n799 = AND(n796, n797)n807 = AND(n697, n798)n2155 = AND(n750, n766)n1882 = NOT(n1881)n1877 = AND(n751, n767)n1873 = AND(n752, n768)n808 = NOT(n807)n2156 = NOT(n2155)n1878 = NOT(n1877)n1874 = NOT(n1873)n804 = NOT(n803)n800 = NOT(n799)n801 = AND(n699, n799)n1883 = AND(n1880, n1882)n2157 = AND(n2156, n1882)n813 = AND(n804, n698)n805 = AND(n800, n803)n1884 = NOT(n1883)n2143 = AND(n1878, n1880)n2131 = AND(n1874, n1876)n806 = NOT(n805)n802 = NOT(n801)n828 = AND(n795, n801)n836 = AND(n696, n801)n1885 = AND(n1884, n1878)n2158 = NOT(n2157)n2306 = AND(n782, n2157)n809 = AND(n806, n808)n829 = NOT(n828)n837 = NOT(n836)n2159 = AND(n2158, n683)n2307 = NOT(n2306)n2144 = NOT(n2143)n2147 = AND(n1882, n2143)n2132 = NOT(n2131)n1886 = NOT(n1885)n2160 = NOT(n2159)n2145 = AND(n2144, n1881)n2148 = NOT(n2147)n2133 = AND(n2132, n1885)n810 = NOT(n809)n811 = AND(n795, n809)n2146 = NOT(n2145)n2134 = NOT(n2133)n1887 = AND(n1876, n1886)n2135 = AND(n1886, n2131)n2149 = AND(n2146, n2148)n812 = NOT(n811)n834 = AND(n698, n811)n1888 = NOT(n1887)n2136 = NOT(n2135)n814 = AND(n812, n813)n835 = NOT(n834)n1889 = AND(n1888, n1874)n2137 = AND(n2134, n2136)n2150 = NOT(n2149)n2153 = AND(n684, n2149)n815 = NOT(n814)n838 = AND(n835, n837)n2151 = AND(n2150, n783)n2154 = NOT(n2153)n816 = AND(n802, n815)n1890 = NOT(n1889)n1893 = AND(n3, n1889)n2138 = NOT(n2137)n2141 = AND(n685, n2137)n2152 = NOT(n2151)n839 = NOT(n838)n1891 = AND(n1890, n753)n1894 = NOT(n1893)n2139 = AND(n2138, n784)n2142 = NOT(n2141)n2161 = AND(n2160, n2154)n817 = NOT(n816)n820 = AND(n696, n816)n1892 = NOT(n1891)n2140 = NOT(n2139)n2308 = AND(n2307, n2152)n2162 = NOT(n2161)n818 = AND(n817, n795)n821 = NOT(n820)n1895 = AND(n769, n1894)n819 = NOT(n818)n2119 = AND(n1892, n1894)n1896 = NOT(n1895)n2312 = AND(n2140, n2142)n2309 = NOT(n2308)n2509 = AND(n2140, n2308)n2163 = AND(n2152, n2162)n1897 = AND(n1896, n1892)n2310 = AND(n2309, n2154)n822 = AND(n821, n819)n826 = AND(n810, n819)n2120 = NOT(n2119)n2121 = AND(n19, n2119)n2313 = NOT(n2312)n2164 = NOT(n2163)n2316 = AND(n2163, n2312)n827 = NOT(n826)n2123 = AND(n2120, n769)n2122 = NOT(n2121)n1898 = NOT(n1897)n1901 = AND(n4, n1897)n2311 = NOT(n2310)n2358 = AND(n2142, n2310)n2165 = AND(n2164, n2142)n2317 = NOT(n2316)n823 = NOT(n822)n824 = AND(n794, n822)n830 = AND(n827, n829)n2124 = NOT(n2123)n1899 = AND(n1898, n754)n1902 = NOT(n1901)n2314 = AND(n2310, n2313)n2469 = AND(n2162, n2313)n2359 = NOT(n2358)n2166 = NOT(n2165)n2125 = AND(n2122, n2124)n1900 = NOT(n1899)n2315 = NOT(n2314)n2470 = NOT(n2469)n2360 = AND(n2359, n2140)n2167 = AND(n2166, n2140)n825 = NOT(n824)n852 = AND(n824, n839)n831 = NOT(n830)n1903 = AND(n770, n1902)n2471 = AND(n2311, n2470)n853 = NOT(n852)n2126 = NOT(n2125)n2127 = AND(n785, n2125)n2107 = AND(n1900, n1902)n1904 = NOT(n1903)n2318 = AND(n2317, n2315)n2472 = NOT(n2471)n2361 = NOT(n2360)n2168 = NOT(n2167)n832 = AND(n831, n825)n858 = AND(n825, n839)n2129 = AND(n2126, n686)n2128 = NOT(n2127)n1905 = AND(n1904, n1900)n2319 = NOT(n2318)n2473 = AND(n2472, n2315)n833 = NOT(n832)n859 = NOT(n858)n2130 = NOT(n2129)n2108 = NOT(n2107)n2109 = AND(n20, n2107)n860 = AND(n859, n830)n2362 = AND(n2128, n2360)n2510 = AND(n2509, n2128)n2111 = AND(n2108, n770)n2110 = NOT(n2109)n1906 = NOT(n1905)n1909 = AND(n5, n1905)n840 = AND(n833, n838)n861 = NOT(n860)n2169 = AND(n2130, n2168)n2302 = AND(n2128, n2130)n2112 = NOT(n2111)n1907 = AND(n1906, n755)n1910 = NOT(n1909)n862 = AND(n861, n833)n2170 = NOT(n2169)n2363 = NOT(n2362)n2467 = AND(n2130, n2362)n2113 = AND(n2110, n2112)n1908 = NOT(n1907)n841 = NOT(n840)n844 = AND(n695, n840)n2171 = AND(n2170, n2128)n2303 = NOT(n2302)n2304 = AND(n2168, n2302)n2364 = AND(n2363, n2130)n2468 = NOT(n2467)n1911 = AND(n771, n1910)n842 = AND(n841, n794)n845 = NOT(n844)n863 = NOT(n862)n2305 = NOT(n2304)n2474 = AND(n2468, n2473)n2114 = NOT(n2113)n2117 = AND(n786, n2113)n2095 = AND(n1908, n1910)n1912 = NOT(n1911)n843 = NOT(n842)n2172 = NOT(n2171)n2320 = AND(n2167, n2303)n2465 = AND(n2361, n2303)n2365 = NOT(n2364)n2115 = AND(n2114, n687)n2118 = NOT(n2117)n1913 = AND(n1912, n1908)n2321 = NOT(n2320)n2466 = NOT(n2465)n2116 = NOT(n2115)n2096 = NOT(n2095)n2097 = AND(n21, n2095)n846 = AND(n845, n843)n850 = AND(n823, n843)n2322 = AND(n2319, n2321)n2475 = AND(n2466, n2474)n2173 = AND(n2118, n2171)n2366 = AND(n2118, n2365)n2511 = AND(n2510, n2118)n2099 = AND(n2096, n771)n2098 = NOT(n2097)n1914 = NOT(n1913)n1917 = AND(n6, n1913)n851 = NOT(n850)n2323 = AND(n2305, n2322)n2476 = NOT(n2475)n2298 = AND(n2116, n2118)n2367 = NOT(n2366)n2100 = NOT(n2099)n1915 = AND(n1914, n756)n1918 = NOT(n1917)n847 = NOT(n846)n848 = AND(n793, n846)n854 = AND(n851, n853)n2324 = NOT(n2323)n2174 = NOT(n2173)n2296 = AND(n2116, n2173)n2368 = AND(n2367, n2116)n2101 = AND(n2098, n2100)n1916 = NOT(n1915)n2299 = NOT(n2298)n2463 = AND(n2298, n2364)n2175 = AND(n2174, n2116)n2297 = NOT(n2296)n1919 = AND(n772, n1918)n849 = NOT(n848)n876 = AND(n848, n862)n855 = NOT(n854)n2464 = NOT(n2463)n2369 = NOT(n2368)n2102 = NOT(n2101)n2105 = AND(n787, n2101)n2085 = AND(n1916, n1918)n1920 = NOT(n1919)n877 = NOT(n876)n2300 = AND(n2172, n2299)n2477 = AND(n2299, n2365)n2176 = NOT(n2175)n2103 = AND(n2102, n688)n2106 = NOT(n2105)n1921 = AND(n1920, n1916)n856 = AND(n855, n849)n882 = AND(n849, n862)n2301 = NOT(n2300)n2478 = NOT(n2477)n2104 = NOT(n2103)n2086 = NOT(n2085)n2087 = AND(n22, n2085)n857 = NOT(n856)n883 = NOT(n882)n2325 = AND(n2301, n2324)n2479 = AND(n2476, n2478)n2177 = AND(n2106, n2176)n2370 = AND(n2369, n2106)n2512 = AND(n2511, n2106)n2089 = AND(n2086, n772)n2088 = NOT(n2087)n1922 = NOT(n1921)n1925 = AND(n7, n1921)n884 = AND(n883, n854)n2326 = AND(n2297, n2325)n2480 = AND(n2464, n2479)n2292 = AND(n2104, n2106)n2178 = NOT(n2177)n2090 = NOT(n2089)n1923 = AND(n1922, n757)n1926 = NOT(n1925)n864 = AND(n863, n857)n885 = NOT(n884)n2327 = NOT(n2326)n2481 = NOT(n2480)n2179 = AND(n2178, n2104)n2371 = NOT(n2370)n2459 = AND(n2104, n2370)n2091 = AND(n2088, n2090)n1924 = NOT(n1923)n886 = AND(n885, n857)n2293 = NOT(n2292)n2294 = AND(n2175, n2292)n2372 = AND(n2371, n2104)n2460 = NOT(n2459)n1927 = AND(n773, n1926)n865 = NOT(n864)n868 = AND(n694, n864)n2295 = NOT(n2294)n2092 = NOT(n2091)n2184 = AND(n788, n2091)n2075 = AND(n1924, n1926)n1928 = NOT(n1927)n866 = AND(n865, n793)n869 = NOT(n868)n887 = NOT(n886)n2328 = AND(n2176, n2293)n2461 = AND(n2293, n2368)n2373 = NOT(n2372)n2093 = AND(n2092, n689)n2185 = NOT(n2184)n1929 = AND(n1928, n1924)n867 = NOT(n866)n2329 = NOT(n2328)n2462 = NOT(n2461)n2094 = NOT(n2093)n2076 = NOT(n2075)n2077 = AND(n23, n2075)n2330 = AND(n2327, n2329)n2482 = AND(n2462, n2481)n2079 = AND(n2076, n773)n2078 = NOT(n2077)n1930 = NOT(n1929)n1933 = AND(n8, n1929)n870 = AND(n869, n867)n874 = AND(n847, n867)n2331 = AND(n2295, n2330)n2483 = AND(n2460, n2482)n2180 = AND(n2094, n2179)n2288 = AND(n2094, n2185)n2374 = AND(n2094, n2372)n2080 = NOT(n2079)n1931 = AND(n1930, n758)n1934 = NOT(n1933)n875 = NOT(n874)n2332 = NOT(n2331)n2484 = NOT(n2483)n2181 = NOT(n2180)n2289 = NOT(n2288)n2375 = NOT(n2374)n2081 = AND(n2078, n2080)n1932 = NOT(n1931)n871 = NOT(n870)n872 = AND(n792, n870)n878 = AND(n875, n877)n1935 = AND(n774, n1934)n2290 = AND(n2179, n2289)n2457 = AND(n2373, n2289)n2451 = AND(n2185, n2375)n2082 = NOT(n2081)n2182 = AND(n789, n2081)n2063 = AND(n1932, n1934)n1936 = NOT(n1935)n873 = NOT(n872)n900 = AND(n872, n886)n879 = NOT(n878)n2291 = NOT(n2290)n2458 = NOT(n2457)n2452 = NOT(n2451)n2083 = AND(n2082, n690)n2183 = NOT(n2182)n1937 = AND(n1936, n1932)n901 = NOT(n900)n2333 = AND(n2291, n2332)n2485 = AND(n2458, n2484)n2084 = NOT(n2083)n2064 = NOT(n2063)n2065 = AND(n24, n2063)n880 = AND(n879, n873)n906 = AND(n873, n886)n2186 = AND(n2183, n2185)n2067 = AND(n2064, n774)n2066 = NOT(n2065)n1938 = NOT(n1937)n1941 = AND(n9, n1937)n881 = NOT(n880)n907 = NOT(n906)n2284 = AND(n2084, n2183)n2068 = NOT(n2067)n1939 = AND(n1938, n759)n1942 = NOT(n1941)n908 = AND(n907, n878)n2187 = AND(n2181, n2186)n2376 = AND(n2186, n2375)n2513 = AND(n2512, n2186)n2069 = AND(n2066, n2068)n1940 = NOT(n1939)n888 = AND(n887, n881)n909 = NOT(n908)n2285 = NOT(n2284)n2453 = AND(n2452, n2284)n2377 = NOT(n2376)n1943 = AND(n775, n1942)n910 = AND(n909, n881)n2454 = NOT(n2453)n2188 = NOT(n2187)n2282 = AND(n2084, n2187)n2378 = AND(n2377, n2084)n2070 = NOT(n2069)n2073 = AND(n790, n2069)n2053 = AND(n1940, n1942)n1944 = NOT(n1943)n889 = NOT(n888)n892 = AND(n693, n888)n2286 = AND(n2094, n2285)n2455 = AND(n2185, n2285)n2189 = AND(n2188, n2084)n2283 = NOT(n2282)n2071 = AND(n2070, n691)n2074 = NOT(n2073)n1945 = AND(n1944, n1940)n890 = AND(n889, n792)n893 = NOT(n892)n911 = NOT(n910)n2287 = NOT(n2286)n2456 = NOT(n2455)n2379 = NOT(n2378)n2072 = NOT(n2071)n2054 = NOT(n2053)n2055 = AND(n25, n2053)n891 = NOT(n890)n2334 = AND(n2287, n2333)n2486 = AND(n2456, n2485)n2190 = NOT(n2189)n2514 = AND(n2513, n2074)n2057 = AND(n2054, n775)n2056 = NOT(n2055)n1946 = NOT(n1945)n1949 = AND(n10, n1945)n2335 = AND(n2283, n2334)n2487 = AND(n2454, n2486)n2380 = AND(n2074, n2379)n2278 = AND(n2072, n2074)n2058 = NOT(n2057)n1947 = AND(n1946, n760)n1950 = NOT(n1949)n894 = AND(n893, n891)n898 = AND(n871, n891)n2336 = NOT(n2335)n2488 = NOT(n2487)n2191 = AND(n2074, n2190)n2381 = NOT(n2380)n2059 = AND(n2056, n2058)n1948 = NOT(n1947)n899 = NOT(n898)n2192 = NOT(n2191)n2382 = AND(n2381, n2072)n2279 = NOT(n2278)n2280 = AND(n2189, n2278)n2489 = AND(n2278, n2379)n1951 = AND(n776, n1950)n895 = NOT(n894)n896 = AND(n791, n894)n902 = AND(n899, n901)n2193 = AND(n2192, n2072)n2281 = NOT(n2280)n2490 = NOT(n2489)n2060 = NOT(n2059)n2061 = AND(n791, n2059)n2041 = AND(n1948, n1950)n1952 = NOT(n1951)n2383 = NOT(n2382)n2337 = AND(n2190, n2279)n2449 = AND(n2279, n2378)n2491 = AND(n2488, n2490)n2195 = AND(n2060, n692)n1953 = AND(n1952, n1948)n897 = NOT(n896)n924 = AND(n896, n910)n903 = NOT(n902)n2194 = NOT(n2193)n2338 = NOT(n2337)n2450 = NOT(n2449)n2062 = NOT(n2061)n2342 = AND(n2061, n2193)n2443 = AND(n2061, n2382)n2042 = NOT(n2041)n2043 = AND(n26, n2041)n925 = NOT(n924)n2339 = AND(n2336, n2338)n2492 = AND(n2450, n2491)n2196 = NOT(n2195)n2274 = AND(n2194, n2195)n2447 = AND(n2195, n2383)n2343 = NOT(n2342)n2444 = NOT(n2443)n2045 = AND(n2042, n776)n2044 = NOT(n2043)n1954 = NOT(n1953)n1957 = AND(n11, n1953)n904 = AND(n903, n897)n930 = AND(n897, n910)n2340 = AND(n2281, n2339)n2493 = NOT(n2492)n2275 = NOT(n2274)n2448 = NOT(n2447)n2384 = AND(n2062, n2383)n2515 = AND(n2514, n2062)n2046 = NOT(n2045)n1955 = AND(n1954, n761)n1958 = NOT(n1957)n905 = NOT(n904)n931 = NOT(n930)n2341 = NOT(n2340)n2197 = AND(n2193, n2196)n2494 = AND(n2448, n2493)n2385 = NOT(n2384)n2047 = AND(n2044, n2046)n1956 = NOT(n1955)n932 = AND(n931, n902)n2344 = AND(n2341, n2343)n2198 = NOT(n2197)n2386 = AND(n2385, n2196)n1959 = AND(n777, n1958)n912 = AND(n911, n905)n933 = NOT(n932)n2199 = AND(n2198, n2062)n2048 = NOT(n2047)n2051 = AND(n792, n2047)n2031 = AND(n1956, n1958)n1960 = NOT(n1959)n934 = AND(n933, n905)n2387 = NOT(n2386)n2049 = AND(n2048, n693)n2052 = NOT(n2051)n1961 = AND(n1960, n1956)n913 = NOT(n912)n916 = AND(n692, n912)n2050 = NOT(n2049)n2032 = NOT(n2031)n2033 = AND(n27, n2031)n914 = AND(n913, n791)n917 = NOT(n916)n935 = NOT(n934)n2200 = AND(n2199, n2052)n2388 = AND(n2387, n2052)n2516 = AND(n2515, n2052)n2035 = AND(n2032, n777)n2034 = NOT(n2033)n1962 = NOT(n1961)n1965 = AND(n12, n1961)n915 = NOT(n914)n2272 = AND(n2050, n2052)n2201 = NOT(n2200)n2389 = NOT(n2388)n2036 = NOT(n2035)n1963 = AND(n1962, n762)n1966 = NOT(n1965)n2202 = AND(n2201, n2050)n2390 = AND(n2389, n2050)n2037 = AND(n2034, n2036)n1964 = NOT(n1963)n918 = AND(n917, n915)n922 = AND(n895, n915)n2273 = NOT(n2272)n2441 = AND(n2272, n2386)n1967 = AND(n778, n1966)n923 = NOT(n922)n2442 = NOT(n2441)n2391 = NOT(n2390)n2038 = NOT(n2037)n2205 = AND(n793, n2037)n2021 = AND(n1964, n1966)n1968 = NOT(n1967)n919 = NOT(n918)n920 = AND(n790, n918)n926 = AND(n923, n925)n2276 = AND(n2275, n2273)n2445 = AND(n2444, n2273)n2039 = AND(n2038, n694)n2206 = NOT(n2205)n1969 = AND(n1968, n1964)n2277 = NOT(n2276)n2446 = NOT(n2445)n2040 = NOT(n2039)n2022 = NOT(n2021)n2023 = AND(n28, n2021)n921 = NOT(n920)n948 = AND(n920, n934)n927 = NOT(n926)n2345 = AND(n2277, n2344)n2495 = AND(n2446, n2494)n2431 = AND(n2206, n2391)n2025 = AND(n2022, n778)n2024 = NOT(n2023)n1970 = NOT(n1969)n1973 = AND(n13, n1969)n949 = NOT(n948)n2496 = AND(n2442, n2495)n2203 = AND(n2202, n2040)n2268 = AND(n2040, n2206)n2392 = AND(n2040, n2390)n2432 = NOT(n2431)n2026 = NOT(n2025)n1971 = AND(n1970, n763)n1974 = NOT(n1973)n928 = AND(n927, n921)n954 = AND(n921, n934)n2204 = NOT(n2203)n2393 = NOT(n2392)n2027 = AND(n2024, n2026)n1972 = NOT(n1971)n929 = NOT(n928)n955 = NOT(n954)n2269 = NOT(n2268)n2439 = AND(n2268, n2390)n1975 = AND(n779, n1974)n956 = AND(n955, n926)n2440 = NOT(n2439)n2028 = NOT(n2027)n2207 = AND(n794, n2027)n2009 = AND(n1972, n1974)n1976 = NOT(n1975)n936 = AND(n935, n929)n957 = NOT(n956)n2270 = AND(n2050, n2269)n2437 = AND(n2269, n2391)n2497 = AND(n2440, n2496)n2029 = AND(n2028, n695)n2208 = NOT(n2207)n1977 = AND(n1976, n1972)n958 = AND(n957, n929)n2271 = NOT(n2270)n2438 = NOT(n2437)n2030 = NOT(n2029)n2010 = NOT(n2009)n2011 = AND(n29, n2009)n937 = NOT(n936)n940 = AND(n691, n936)n2346 = AND(n2271, n2345)n2498 = AND(n2438, n2497)n2209 = AND(n2206, n2208)n2013 = AND(n2010, n779)n2012 = NOT(n2011)n1978 = NOT(n1977)n1981 = AND(n14, n1977)n938 = AND(n937, n790)n941 = NOT(n940)n959 = NOT(n958)n2264 = AND(n2030, n2208)n2014 = NOT(n2013)n1979 = AND(n1978, n764)n1982 = NOT(n1981)n939 = NOT(n938)n2265 = NOT(n2264)n2210 = AND(n2204, n2209)n2394 = AND(n2393, n2209)n2517 = AND(n2516, n2209)n2015 = AND(n2012, n2014)n1980 = NOT(n1979)n2266 = AND(n2265, n2040)n1983 = AND(n780, n1982)n942 = AND(n941, n939)n946 = AND(n919, n939)n2211 = NOT(n2210)n2262 = AND(n2030, n2210)n2395 = NOT(n2394)n2429 = AND(n2030, n2394)n2016 = NOT(n2015)n2019 = AND(n795, n2015)n1997 = AND(n1980, n1982)n1984 = NOT(n1983)n947 = NOT(n946)n2267 = NOT(n2266)n2433 = AND(n2432, n2266)n2212 = AND(n2211, n2030)n2263 = NOT(n2262)n2396 = AND(n2395, n2030)n2430 = NOT(n2429)n2017 = AND(n2016, n696)n2020 = NOT(n2019)n1985 = AND(n1984, n1980)n943 = NOT(n942)n944 = AND(n789, n942)n950 = AND(n947, n949)n2347 = AND(n2267, n2346)n2434 = NOT(n2433)n2018 = NOT(n2017)n1998 = NOT(n1997)n1999 = AND(n30, n1997)n2348 = AND(n2263, n2347)n2435 = AND(n2430, n2434)n2213 = NOT(n2212)n2397 = NOT(n2396)n2518 = AND(n2517, n2020)n2001 = AND(n1998, n780)n2000 = NOT(n1999)n1986 = NOT(n1985)n1989 = AND(n15, n1985)n945 = NOT(n944)n972 = AND(n944, n958)n951 = NOT(n950)n2436 = NOT(n2435)n2256 = AND(n2018, n2020)n2002 = NOT(n2001)n1987 = AND(n1986, n765)n1990 = NOT(n1989)n973 = NOT(n972)n2499 = AND(n2436, n2498)n2214 = AND(n2020, n2213)n2398 = AND(n2020, n2397)n2003 = AND(n2000, n2002)n1988 = NOT(n1987)n952 = AND(n951, n945)n978 = AND(n945, n958)n2215 = NOT(n2214)n2399 = NOT(n2398)n2257 = NOT(n2256)n2260 = AND(n2213, n2256)n2425 = AND(n2256, n2396)n1991 = AND(n781, n1990)n953 = NOT(n952)n979 = NOT(n978)n2216 = AND(n2215, n2018)n2400 = AND(n2399, n2018)n2261 = NOT(n2260)n2426 = NOT(n2425)n2004 = NOT(n2003)n2007 = AND(n796, n2003)n2222 = AND(n1988, n1990)n1992 = NOT(n1991)n980 = AND(n979, n950)n2258 = AND(n2212, n2257)n2427 = AND(n2257, n2397)n2349 = AND(n2261, n2348)n2005 = AND(n2004, n697)n2008 = NOT(n2007)n1993 = AND(n1992, n1988)n960 = AND(n959, n953)n981 = NOT(n980)n2217 = NOT(n2216)n2401 = NOT(n2400)n2259 = NOT(n2258)n2428 = NOT(n2427)n2006 = NOT(n2005)n2223 = NOT(n2222)n2224 = AND(n31, n2222)n982 = AND(n981, n953)n2350 = AND(n2259, n2349)n2500 = AND(n2428, n2499)n2519 = AND(n2518, n2008)n2226 = AND(n2223, n781)n2225 = NOT(n2224)n1994 = NOT(n1993)n2236 = AND(n798, n1993)n961 = NOT(n960)n964 = AND(n690, n960)n2218 = AND(n2008, n2217)n2402 = AND(n2008, n2401)n2501 = AND(n2426, n2500)n2250 = AND(n2006, n2008)n2227 = NOT(n2226)n1995 = AND(n1994, n699)n962 = AND(n961, n789)n965 = NOT(n964)n983 = NOT(n982)n2219 = NOT(n2218)n2403 = NOT(n2402)n2228 = AND(n2225, n2227)n2237 = NOT(n2236)n963 = NOT(n962)n2220 = AND(n2219, n2006)n2404 = AND(n2403, n2006)n2251 = NOT(n2250)n2254 = AND(n2217, n2250)n2421 = AND(n2250, n2401)n1996 = NOT(n1995)n2255 = NOT(n2254)n2422 = NOT(n2421)n2229 = NOT(n2228)n2234 = AND(n797, n2228)n2502 = AND(n2501, n2237)n2520 = AND(n2519, n2237)n966 = AND(n965, n963)n970 = AND(n943, n963)n2221 = NOT(n2220)n2252 = AND(n2216, n2251)n2419 = AND(n2251, n2400)n2351 = AND(n2255, n2350)n2230 = AND(n2229, n698)n971 = NOT(n970)n2253 = NOT(n2252)n2420 = NOT(n2419)n2231 = NOT(n2230)n2235 = NOT(n2234)n2405 = AND(n1995, n2234)n967 = NOT(n966)n968 = AND(n788, n966)n974 = AND(n971, n973)n2352 = AND(n2253, n2351)n2423 = AND(n2420, n2422)n2406 = NOT(n2405)n2424 = NOT(n2423)n2232 = AND(n2220, n2231)n2248 = AND(n2231, n2236)n2407 = AND(n2231, n2404)n2238 = AND(n2235, n2237)n2242 = AND(n2231, n2235)n2521 = AND(n2520, n2235)n969 = NOT(n968)n996 = AND(n968, n982)n975 = NOT(n974)n2503 = AND(n2424, n2502)n2233 = NOT(n2232)n2249 = NOT(n2248)n2408 = NOT(n2407)n997 = NOT(n996)n2239 = AND(n2233, n2238)n2353 = AND(n2249, n2352)n2409 = AND(n2408, n1996)n2243 = NOT(n2242)n2246 = AND(n2221, n2242)n976 = AND(n975, n969)n1002 = AND(n969, n982)n2240 = NOT(n2239)n2244 = AND(n2243, n2220)n977 = NOT(n976)n1003 = NOT(n1002)n2241 = AND(n2240, n1996)n2410 = NOT(n2409)n2245 = NOT(n2244)n2247 = NOT(n2246)n2415 = AND(n2246, n2409)n1004 = AND(n1003, n974)n2411 = AND(n2406, n2410)n2354 = AND(n2247, n2353)n2416 = NOT(n2415)n984 = AND(n983, n977)n1005 = NOT(n1004)n2522 = AND(n2521, n2241)n2412 = NOT(n2411)n2355 = AND(n2245, n2354)n1006 = AND(n1005, n977)n2523 = NOT(n2522)n2413 = AND(n2412, n2404)n2356 = AND(n2355, n2241)n985 = NOT(n984)n988 = AND(n689, n984)n2414 = NOT(n2413)n2357 = NOT(n2356)n986 = AND(n985, n788)n989 = NOT(n988)n1007 = NOT(n1006)n2417 = AND(n2414, n2416)n987 = NOT(n986)n2418 = NOT(n2417)n2504 = AND(n2418, n2503)n990 = AND(n989, n987)n994 = AND(n967, n987)n2505 = NOT(n2504)n995 = NOT(n994)n2506 = AND(n2357, n2505)n991 = NOT(n990)n992 = AND(n787, n990)n998 = AND(n995, n997)n993 = NOT(n992)n1020 = AND(n992, n1006)n999 = NOT(n998)n1021 = NOT(n1020)n1000 = AND(n999, n993)n1026 = AND(n993, n1006)n1001 = NOT(n1000)n1027 = NOT(n1026)n1028 = AND(n1027, n998)n1008 = AND(n1007, n1001)n1029 = NOT(n1028)n1030 = AND(n1029, n1001)n1009 = NOT(n1008)n1012 = AND(n688, n1008)n1010 = AND(n1009, n787)n1013 = NOT(n1012)n1031 = NOT(n1030)n1011 = NOT(n1010)n1014 = AND(n1013, n1011)n1018 = AND(n991, n1011)n1019 = NOT(n1018)n1015 = NOT(n1014)n1016 = AND(n786, n1014)n1022 = AND(n1019, n1021)n1017 = NOT(n1016)n1044 = AND(n1016, n1030)n1023 = NOT(n1022)n1045 = NOT(n1044)n1024 = AND(n1023, n1017)n1050 = AND(n1017, n1030)n1025 = NOT(n1024)n1051 = NOT(n1050)n1052 = AND(n1051, n1022)n1032 = AND(n1031, n1025)n1053 = NOT(n1052)n1054 = AND(n1053, n1025)n1033 = NOT(n1032)n1036 = AND(n687, n1032)n1034 = AND(n1033, n786)n1037 = NOT(n1036)n1055 = NOT(n1054)n1035 = NOT(n1034)n1038 = AND(n1037, n1035)n1042 = AND(n1015, n1035)n1043 = NOT(n1042)n1039 = NOT(n1038)n1040 = AND(n785, n1038)n1046 = AND(n1043, n1045)n1041 = NOT(n1040)n1068 = AND(n1040, n1054)n1047 = NOT(n1046)n1069 = NOT(n1068)n1048 = AND(n1047, n1041)n1074 = AND(n1041, n1054)n1049 = NOT(n1048)n1075 = NOT(n1074)n1076 = AND(n1075, n1046)n1056 = AND(n1055, n1049)n1077 = NOT(n1076)n1078 = AND(n1077, n1049)n1057 = NOT(n1056)n1060 = AND(n686, n1056)n1058 = AND(n1057, n785)n1061 = NOT(n1060)n1079 = NOT(n1078)n1059 = NOT(n1058)n1062 = AND(n1061, n1059)n1066 = AND(n1039, n1059)n1067 = NOT(n1066)n1063 = NOT(n1062)n1064 = AND(n784, n1062)n1070 = AND(n1067, n1069)n1065 = NOT(n1064)n1092 = AND(n1064, n1078)n1071 = NOT(n1070)n1093 = NOT(n1092)n1072 = AND(n1071, n1065)n1098 = AND(n1065, n1078)n1073 = NOT(n1072)n1099 = NOT(n1098)n1100 = AND(n1099, n1070)n1080 = AND(n1079, n1073)n1101 = NOT(n1100)n1102 = AND(n1101, n1073)n1081 = NOT(n1080)n1084 = AND(n685, n1080)n1082 = AND(n1081, n784)n1085 = NOT(n1084)n1103 = NOT(n1102)n1083 = NOT(n1082)n1086 = AND(n1085, n1083)n1090 = AND(n1063, n1083)n1091 = NOT(n1090)n1087 = NOT(n1086)n1088 = AND(n783, n1086)n1094 = AND(n1091, n1093)n1089 = NOT(n1088)n1116 = AND(n1088, n1102)n1095 = NOT(n1094)n1117 = NOT(n1116)n1096 = AND(n1095, n1089)n1122 = AND(n1089, n1102)n1097 = NOT(n1096)n1123 = NOT(n1122)n1124 = AND(n1123, n1094)n1104 = AND(n1103, n1097)n1125 = NOT(n1124)n1126 = AND(n1125, n1097)n1105 = NOT(n1104)n1108 = AND(n684, n1104)n1106 = AND(n1105, n783)n1109 = NOT(n1108)n1127 = NOT(n1126)n1107 = NOT(n1106)n1110 = AND(n1109, n1107)n1114 = AND(n1087, n1107)n1115 = NOT(n1114)n1111 = NOT(n1110)n1112 = AND(n782, n1110)n1118 = AND(n1115, n1117)n1113 = NOT(n1112)n1140 = AND(n1112, n1126)n1119 = NOT(n1118)n1141 = NOT(n1140)n1120 = AND(n1119, n1113)n1146 = AND(n1113, n1126)n1121 = NOT(n1120)n1147 = NOT(n1146)n1148 = AND(n1147, n1118)n1128 = AND(n1127, n1121)n1149 = NOT(n1148)n1150 = AND(n1149, n1121)n1129 = NOT(n1128)n1132 = AND(n683, n1128)n1130 = AND(n1129, n782)n1133 = NOT(n1132)n1151 = NOT(n1150)n1131 = NOT(n1130)n1134 = AND(n1133, n1131)n1138 = AND(n1111, n1131)n1139 = NOT(n1138)n1135 = NOT(n1134)n1136 = AND(n781, n1134)n1142 = AND(n1139, n1141)n1137 = NOT(n1136)n1164 = AND(n1136, n1150)n1143 = NOT(n1142)n1165 = NOT(n1164)n1144 = AND(n1143, n1137)n1170 = AND(n1137, n1150)n1145 = NOT(n1144)n1171 = NOT(n1170)n1172 = AND(n1171, n1142)n1152 = AND(n1151, n1145)n1173 = NOT(n1172)n1174 = AND(n1173, n1145)n1153 = NOT(n1152)n1156 = AND(n31, n1152)n1154 = AND(n1153, n781)n1157 = NOT(n1156)n1175 = NOT(n1174)n1155 = NOT(n1154)n1158 = AND(n1157, n1155)n1162 = AND(n1135, n1155)n1163 = NOT(n1162)n1159 = NOT(n1158)n1160 = AND(n780, n1158)n1166 = AND(n1163, n1165)n1161 = NOT(n1160)n1188 = AND(n1160, n1174)n1167 = NOT(n1166)n1189 = NOT(n1188)n1168 = AND(n1167, n1161)n1194 = AND(n1161, n1174)n1169 = NOT(n1168)n1195 = NOT(n1194)n1196 = AND(n1195, n1166)n1176 = AND(n1175, n1169)n1197 = NOT(n1196)n1198 = AND(n1197, n1169)n1177 = NOT(n1176)n1180 = AND(n30, n1176)n1178 = AND(n1177, n780)n1181 = NOT(n1180)n1199 = NOT(n1198)n1179 = NOT(n1178)n1182 = AND(n1181, n1179)n1186 = AND(n1159, n1179)n1187 = NOT(n1186)n1183 = NOT(n1182)n1184 = AND(n779, n1182)n1190 = AND(n1187, n1189)n1185 = NOT(n1184)n1212 = AND(n1184, n1198)n1191 = NOT(n1190)n1213 = NOT(n1212)n1192 = AND(n1191, n1185)n1218 = AND(n1185, n1198)n1193 = NOT(n1192)n1219 = NOT(n1218)n1220 = AND(n1219, n1190)n1200 = AND(n1199, n1193)n1221 = NOT(n1220)n1222 = AND(n1221, n1193)n1201 = NOT(n1200)n1204 = AND(n29, n1200)n1202 = AND(n1201, n779)n1205 = NOT(n1204)n1223 = NOT(n1222)n1203 = NOT(n1202)n1206 = AND(n1205, n1203)n1210 = AND(n1183, n1203)n1211 = NOT(n1210)n1207 = NOT(n1206)n1208 = AND(n778, n1206)n1214 = AND(n1211, n1213)n1209 = NOT(n1208)n1236 = AND(n1208, n1222)n1215 = NOT(n1214)n1237 = NOT(n1236)n1216 = AND(n1215, n1209)n1242 = AND(n1209, n1222)n1217 = NOT(n1216)n1243 = NOT(n1242)n1244 = AND(n1243, n1214)n1224 = AND(n1223, n1217)n1245 = NOT(n1244)n1246 = AND(n1245, n1217)n1225 = NOT(n1224)n1228 = AND(n28, n1224)n1226 = AND(n1225, n778)n1229 = NOT(n1228)n1247 = NOT(n1246)n1227 = NOT(n1226)n1230 = AND(n1229, n1227)n1234 = AND(n1207, n1227)n1235 = NOT(n1234)n1231 = NOT(n1230)n1232 = AND(n777, n1230)n1238 = AND(n1235, n1237)n1233 = NOT(n1232)n1260 = AND(n1232, n1246)n1239 = NOT(n1238)n1261 = NOT(n1260)n1240 = AND(n1239, n1233)n1266 = AND(n1233, n1246)n1241 = NOT(n1240)n1267 = NOT(n1266)n1268 = AND(n1267, n1238)n1248 = AND(n1247, n1241)n1269 = NOT(n1268)n1270 = AND(n1269, n1241)n1249 = NOT(n1248)n1252 = AND(n27, n1248)n1250 = AND(n1249, n777)n1253 = NOT(n1252)n1271 = NOT(n1270)n1251 = NOT(n1250)n1254 = AND(n1253, n1251)n1258 = AND(n1231, n1251)n1259 = NOT(n1258)n1255 = NOT(n1254)n1256 = AND(n776, n1254)n1262 = AND(n1259, n1261)n1257 = NOT(n1256)n1284 = AND(n1256, n1270)n1263 = NOT(n1262)n1285 = NOT(n1284)n1264 = AND(n1263, n1257)n1290 = AND(n1257, n1270)n1265 = NOT(n1264)n1291 = NOT(n1290)n1292 = AND(n1291, n1262)n1272 = AND(n1271, n1265)n1293 = NOT(n1292)n1294 = AND(n1293, n1265)n1273 = NOT(n1272)n1276 = AND(n26, n1272)n1274 = AND(n1273, n776)n1277 = NOT(n1276)n1295 = NOT(n1294)n1275 = NOT(n1274)n1278 = AND(n1277, n1275)n1282 = AND(n1255, n1275)n1283 = NOT(n1282)n1279 = NOT(n1278)n1280 = AND(n775, n1278)n1286 = AND(n1283, n1285)n1281 = NOT(n1280)n1308 = AND(n1280, n1294)n1287 = NOT(n1286)n1309 = NOT(n1308)n1288 = AND(n1287, n1281)n1314 = AND(n1281, n1294)n1289 = NOT(n1288)n1315 = NOT(n1314)n1316 = AND(n1315, n1286)n1296 = AND(n1295, n1289)n1317 = NOT(n1316)n1318 = AND(n1317, n1289)n1297 = NOT(n1296)n1300 = AND(n25, n1296)n1298 = AND(n1297, n775)n1301 = NOT(n1300)n1319 = NOT(n1318)n1299 = NOT(n1298)n1302 = AND(n1301, n1299)n1306 = AND(n1279, n1299)n1307 = NOT(n1306)n1303 = NOT(n1302)n1304 = AND(n774, n1302)n1310 = AND(n1307, n1309)n1305 = NOT(n1304)n1332 = AND(n1304, n1318)n1311 = NOT(n1310)n1333 = NOT(n1332)n1312 = AND(n1311, n1305)n1338 = AND(n1305, n1318)n1313 = NOT(n1312)n1339 = NOT(n1338)n1340 = AND(n1339, n1310)n1320 = AND(n1319, n1313)n1341 = NOT(n1340)n1342 = AND(n1341, n1313)n1321 = NOT(n1320)n1324 = AND(n24, n1320)n1322 = AND(n1321, n774)n1325 = NOT(n1324)n1343 = NOT(n1342)n1323 = NOT(n1322)n1326 = AND(n1325, n1323)n1330 = AND(n1303, n1323)n1331 = NOT(n1330)n1327 = NOT(n1326)n1328 = AND(n773, n1326)n1334 = AND(n1331, n1333)n1329 = NOT(n1328)n1356 = AND(n1328, n1342)n1335 = NOT(n1334)n1357 = NOT(n1356)n1336 = AND(n1335, n1329)n1362 = AND(n1329, n1342)n1337 = NOT(n1336)n1363 = NOT(n1362)n1364 = AND(n1363, n1334)n1344 = AND(n1343, n1337)n1365 = NOT(n1364)n1366 = AND(n1365, n1337)n1345 = NOT(n1344)n1348 = AND(n23, n1344)n1346 = AND(n1345, n773)n1349 = NOT(n1348)n1367 = NOT(n1366)n1347 = NOT(n1346)n1350 = AND(n1349, n1347)n1354 = AND(n1327, n1347)n1355 = NOT(n1354)n1351 = NOT(n1350)n1352 = AND(n772, n1350)n1358 = AND(n1355, n1357)n1353 = NOT(n1352)n1380 = AND(n1352, n1366)n1359 = NOT(n1358)n1381 = NOT(n1380)n1360 = AND(n1359, n1353)n1386 = AND(n1353, n1366)n1361 = NOT(n1360)n1387 = NOT(n1386)n1388 = AND(n1387, n1358)n1368 = AND(n1367, n1361)n1389 = NOT(n1388)n1390 = AND(n1389, n1361)n1369 = NOT(n1368)n1372 = AND(n22, n1368)n1370 = AND(n1369, n772)n1373 = NOT(n1372)n1391 = NOT(n1390)n1371 = NOT(n1370)n1374 = AND(n1373, n1371)n1378 = AND(n1351, n1371)n1379 = NOT(n1378)n1375 = NOT(n1374)n1376 = AND(n771, n1374)n1382 = AND(n1379, n1381)n1377 = NOT(n1376)n1404 = AND(n1376, n1390)n1383 = NOT(n1382)n1405 = NOT(n1404)n1384 = AND(n1383, n1377)n1410 = AND(n1377, n1390)n1385 = NOT(n1384)n1411 = NOT(n1410)n1412 = AND(n1411, n1382)n1392 = AND(n1391, n1385)n1413 = NOT(n1412)n1414 = AND(n1413, n1385)n1393 = NOT(n1392)n1396 = AND(n21, n1392)n1394 = AND(n1393, n771)n1397 = NOT(n1396)n1415 = NOT(n1414)n1395 = NOT(n1394)n1398 = AND(n1397, n1395)n1402 = AND(n1375, n1395)n1403 = NOT(n1402)n1399 = NOT(n1398)n1400 = AND(n770, n1398)n1406 = AND(n1403, n1405)n1401 = NOT(n1400)n1428 = AND(n1400, n1414)n1407 = NOT(n1406)n1429 = NOT(n1428)n1408 = AND(n1407, n1401)n1434 = AND(n1401, n1414)n1409 = NOT(n1408)n1435 = NOT(n1434)n1436 = AND(n1435, n1406)n1416 = AND(n1415, n1409)n1437 = NOT(n1436)n1438 = AND(n1437, n1409)n1417 = NOT(n1416)n1420 = AND(n20, n1416)n1418 = AND(n1417, n770)n1421 = NOT(n1420)n1439 = NOT(n1438)n1419 = NOT(n1418)n1422 = AND(n1421, n1419)n1426 = AND(n1399, n1419)n1427 = NOT(n1426)n1423 = NOT(n1422)n1424 = AND(n769, n1422)n1430 = AND(n1427, n1429)n1425 = NOT(n1424)n1452 = AND(n1424, n1438)n1431 = NOT(n1430)n1453 = NOT(n1452)n1432 = AND(n1431, n1425)n1458 = AND(n1425, n1438)n1433 = NOT(n1432)n1459 = NOT(n1458)n1460 = AND(n1459, n1430)n1440 = AND(n1439, n1433)n1461 = NOT(n1460)n1462 = AND(n1461, n1433)n1441 = NOT(n1440)n1444 = AND(n19, n1440)n1442 = AND(n1441, n769)n1445 = NOT(n1444)n1463 = NOT(n1462)n1443 = NOT(n1442)n1446 = AND(n1445, n1443)n1450 = AND(n1423, n1443)n1451 = NOT(n1450)n1447 = NOT(n1446)n1448 = AND(n768, n1446)n1454 = AND(n1451, n1453)n1449 = NOT(n1448)n1476 = AND(n1448, n1462)n1455 = NOT(n1454)n1477 = NOT(n1476)n1456 = AND(n1455, n1449)n1482 = AND(n1449, n1462)n1457 = NOT(n1456)n1483 = NOT(n1482)n1484 = AND(n1483, n1454)n1464 = AND(n1463, n1457)n1485 = NOT(n1484)n1486 = AND(n1485, n1457)n1465 = NOT(n1464)n1468 = AND(n18, n1464)n1466 = AND(n1465, n768)n1469 = NOT(n1468)n1487 = NOT(n1486)n1467 = NOT(n1466)n1470 = AND(n1469, n1467)n1474 = AND(n1447, n1467)n1475 = NOT(n1474)n1471 = NOT(n1470)n1472 = AND(n767, n1470)n1478 = AND(n1475, n1477)n1473 = NOT(n1472)n1500 = AND(n1472, n1486)n1479 = NOT(n1478)n1501 = NOT(n1500)n1480 = AND(n1479, n1473)n1506 = AND(n1473, n1486)n1481 = NOT(n1480)n1507 = NOT(n1506)n1508 = AND(n1507, n1478)n1488 = AND(n1487, n1481)n1509 = NOT(n1508)n1510 = AND(n1509, n1481)n1489 = NOT(n1488)n1492 = AND(n17, n1488)n1490 = AND(n1489, n767)n1493 = NOT(n1492)n1511 = NOT(n1510)n1491 = NOT(n1490)n1494 = AND(n1493, n1491)n1498 = AND(n1471, n1491)n1499 = NOT(n1498)n1495 = NOT(n1494)n1496 = AND(n766, n1494)n1502 = AND(n1499, n1501)n1497 = NOT(n1496)n1524 = AND(n1496, n1510)n1503 = NOT(n1502)n1525 = NOT(n1524)n1504 = AND(n1503, n1497)n1530 = AND(n1497, n1510)n1505 = NOT(n1504)n1531 = NOT(n1530)n1532 = AND(n1531, n1502)n1512 = AND(n1511, n1505)n1533 = NOT(n1532)n1534 = AND(n1533, n1505)n1513 = NOT(n1512)n1516 = AND(n16, n1512)n1514 = AND(n1513, n766)n1517 = NOT(n1516)n1535 = NOT(n1534)n1515 = NOT(n1514)n1518 = AND(n1517, n1515)n1522 = AND(n1495, n1515)n1523 = NOT(n1522)n1519 = NOT(n1518)n1520 = AND(n765, n1518)n1526 = AND(n1523, n1525)n1521 = NOT(n1520)n1548 = AND(n1520, n1534)n1527 = NOT(n1526)n1549 = NOT(n1548)n1528 = AND(n1527, n1521)n1554 = AND(n1521, n1534)n1529 = NOT(n1528)n1555 = NOT(n1554)n1556 = AND(n1555, n1526)n1536 = AND(n1535, n1529)n1557 = NOT(n1556)n1558 = AND(n1557, n1529)n1537 = NOT(n1536)n1540 = AND(n15, n1536)n1538 = AND(n1537, n765)n1541 = NOT(n1540)n1559 = NOT(n1558)n1539 = NOT(n1538)n1542 = AND(n1541, n1539)n1546 = AND(n1519, n1539)n1547 = NOT(n1546)n1543 = NOT(n1542)n1544 = AND(n764, n1542)n1550 = AND(n1547, n1549)n1545 = NOT(n1544)n1572 = AND(n1544, n1558)n1551 = NOT(n1550)n1573 = NOT(n1572)n1552 = AND(n1551, n1545)n1578 = AND(n1545, n1558)n1553 = NOT(n1552)n1579 = NOT(n1578)n1580 = AND(n1579, n1550)n1560 = AND(n1559, n1553)n1581 = NOT(n1580)n1582 = AND(n1581, n1553)n1561 = NOT(n1560)n1564 = AND(n14, n1560)n1562 = AND(n1561, n764)n1565 = NOT(n1564)n1583 = NOT(n1582)n1563 = NOT(n1562)n1566 = AND(n1565, n1563)n1570 = AND(n1543, n1563)n1571 = NOT(n1570)n1567 = NOT(n1566)n1568 = AND(n763, n1566)n1574 = AND(n1571, n1573)n1569 = NOT(n1568)n1596 = AND(n1568, n1582)n1575 = NOT(n1574)n1597 = NOT(n1596)n1576 = AND(n1575, n1569)n1602 = AND(n1569, n1582)n1577 = NOT(n1576)n1603 = NOT(n1602)n1604 = AND(n1603, n1574)n1584 = AND(n1583, n1577)n1605 = NOT(n1604)n1606 = AND(n1605, n1577)n1585 = NOT(n1584)n1588 = AND(n13, n1584)n1586 = AND(n1585, n763)n1589 = NOT(n1588)n1607 = NOT(n1606)n1587 = NOT(n1586)n1590 = AND(n1589, n1587)n1594 = AND(n1567, n1587)n1595 = NOT(n1594)n1591 = NOT(n1590)n1592 = AND(n762, n1590)n1598 = AND(n1595, n1597)n1593 = NOT(n1592)n1620 = AND(n1592, n1606)n1599 = NOT(n1598)n1621 = NOT(n1620)n1600 = AND(n1599, n1593)n1626 = AND(n1593, n1606)n1601 = NOT(n1600)n1627 = NOT(n1626)n1628 = AND(n1627, n1598)n1608 = AND(n1607, n1601)n1629 = NOT(n1628)n1630 = AND(n1629, n1601)n1609 = NOT(n1608)n1612 = AND(n12, n1608)n1610 = AND(n1609, n762)n1613 = NOT(n1612)n1631 = NOT(n1630)n1611 = NOT(n1610)n1614 = AND(n1613, n1611)n1618 = AND(n1591, n1611)n1619 = NOT(n1618)n1615 = NOT(n1614)n1616 = AND(n761, n1614)n1622 = AND(n1619, n1621)n1617 = NOT(n1616)n1644 = AND(n1616, n1630)n1623 = NOT(n1622)n1645 = NOT(n1644)n1624 = AND(n1623, n1617)n1650 = AND(n1617, n1630)n1625 = NOT(n1624)n1651 = NOT(n1650)n1652 = AND(n1651, n1622)n1632 = AND(n1631, n1625)n1653 = NOT(n1652)n1654 = AND(n1653, n1625)n1633 = NOT(n1632)n1636 = AND(n11, n1632)n1634 = AND(n1633, n761)n1637 = NOT(n1636)n1655 = NOT(n1654)n1635 = NOT(n1634)n1638 = AND(n1637, n1635)n1642 = AND(n1615, n1635)n1643 = NOT(n1642)n1639 = NOT(n1638)n1640 = AND(n760, n1638)n1646 = AND(n1643, n1645)n1641 = NOT(n1640)n1668 = AND(n1640, n1654)n1647 = NOT(n1646)n1669 = NOT(n1668)n1648 = AND(n1647, n1641)n1674 = AND(n1641, n1654)n1649 = NOT(n1648)n1675 = NOT(n1674)n1676 = AND(n1675, n1646)n1656 = AND(n1655, n1649)n1677 = NOT(n1676)n1678 = AND(n1677, n1649)n1657 = NOT(n1656)n1660 = AND(n10, n1656)n1658 = AND(n1657, n760)n1661 = NOT(n1660)n1679 = NOT(n1678)n1659 = NOT(n1658)n1662 = AND(n1661, n1659)n1666 = AND(n1639, n1659)n1667 = NOT(n1666)n1663 = NOT(n1662)n1664 = AND(n759, n1662)n1670 = AND(n1667, n1669)n1665 = NOT(n1664)n1692 = AND(n1664, n1678)n1671 = NOT(n1670)n1693 = NOT(n1692)n1672 = AND(n1671, n1665)n1698 = AND(n1665, n1678)n1673 = NOT(n1672)n1699 = NOT(n1698)n1700 = AND(n1699, n1670)n1680 = AND(n1679, n1673)n1701 = NOT(n1700)n1702 = AND(n1701, n1673)n1681 = NOT(n1680)n1684 = AND(n9, n1680)n1682 = AND(n1681, n759)n1685 = NOT(n1684)n1703 = NOT(n1702)n1683 = NOT(n1682)n1686 = AND(n1685, n1683)n1690 = AND(n1663, n1683)n1691 = NOT(n1690)n1687 = NOT(n1686)n1688 = AND(n758, n1686)n1694 = AND(n1691, n1693)n1689 = NOT(n1688)n1716 = AND(n1688, n1702)n1695 = NOT(n1694)n1717 = NOT(n1716)n1696 = AND(n1695, n1689)n1722 = AND(n1689, n1702)n1697 = NOT(n1696)n1723 = NOT(n1722)n1724 = AND(n1723, n1694)n1704 = AND(n1703, n1697)n1725 = NOT(n1724)n1726 = AND(n1725, n1697)n1705 = NOT(n1704)n1708 = AND(n8, n1704)n1706 = AND(n1705, n758)n1709 = NOT(n1708)n1727 = NOT(n1726)n1707 = NOT(n1706)n1710 = AND(n1709, n1707)n1714 = AND(n1687, n1707)n1715 = NOT(n1714)n1711 = NOT(n1710)n1712 = AND(n757, n1710)n1718 = AND(n1715, n1717)n1713 = NOT(n1712)n1740 = AND(n1712, n1726)n1719 = NOT(n1718)n1741 = NOT(n1740)n1720 = AND(n1719, n1713)n1746 = AND(n1713, n1726)n1721 = NOT(n1720)n1747 = NOT(n1746)n1748 = AND(n1747, n1718)n1728 = AND(n1727, n1721)n1749 = NOT(n1748)n1750 = AND(n1749, n1721)n1729 = NOT(n1728)n1732 = AND(n7, n1728)n1730 = AND(n1729, n757)n1733 = NOT(n1732)n1751 = NOT(n1750)n1731 = NOT(n1730)n1734 = AND(n1733, n1731)n1738 = AND(n1711, n1731)n1739 = NOT(n1738)n1735 = NOT(n1734)n1736 = AND(n756, n1734)n1742 = AND(n1739, n1741)n1737 = NOT(n1736)n1764 = AND(n1736, n1750)n1743 = NOT(n1742)n1765 = NOT(n1764)n1744 = AND(n1743, n1737)n1770 = AND(n1737, n1750)n1745 = NOT(n1744)n1771 = NOT(n1770)n1772 = AND(n1771, n1742)n1752 = AND(n1751, n1745)n1773 = NOT(n1772)n1774 = AND(n1773, n1745)n1753 = NOT(n1752)n1756 = AND(n6, n1752)n1754 = AND(n1753, n756)n1757 = NOT(n1756)n1775 = NOT(n1774)n1755 = NOT(n1754)n1758 = AND(n1757, n1755)n1762 = AND(n1735, n1755)n1763 = NOT(n1762)n1759 = NOT(n1758)n1760 = AND(n755, n1758)n1766 = AND(n1763, n1765)n1761 = NOT(n1760)n1788 = AND(n1760, n1774)n1767 = NOT(n1766)n1789 = NOT(n1788)n1768 = AND(n1767, n1761)n1794 = AND(n1761, n1774)n1769 = NOT(n1768)n1795 = NOT(n1794)n1796 = AND(n1795, n1766)n1776 = AND(n1775, n1769)n1797 = NOT(n1796)n1798 = AND(n1797, n1769)n1777 = NOT(n1776)n1780 = AND(n5, n1776)n1778 = AND(n1777, n755)n1781 = NOT(n1780)n1799 = NOT(n1798)n1779 = NOT(n1778)n1782 = AND(n1781, n1779)n1786 = AND(n1759, n1779)n1787 = NOT(n1786)n1783 = NOT(n1782)n1784 = AND(n754, n1782)n1790 = AND(n1787, n1789)n1785 = NOT(n1784)n1812 = AND(n1784, n1798)n1791 = NOT(n1790)n1813 = NOT(n1812)n1792 = AND(n1791, n1785)n1818 = AND(n1785, n1798)n1793 = NOT(n1792)n1819 = NOT(n1818)n1820 = AND(n1819, n1790)n1800 = AND(n1799, n1793)n1821 = NOT(n1820)n1822 = AND(n1821, n1793)n1801 = NOT(n1800)n1804 = AND(n4, n1800)n1802 = AND(n1801, n754)n1805 = NOT(n1804)n1823 = NOT(n1822)n1803 = NOT(n1802)n1806 = AND(n1805, n1803)n1810 = AND(n1783, n1803)n1811 = NOT(n1810)n1807 = NOT(n1806)n1808 = AND(n753, n1806)n1814 = AND(n1811, n1813)n1809 = NOT(n1808)n1835 = AND(n1808, n1822)n1815 = NOT(n1814)n1836 = NOT(n1835)n1816 = AND(n1815, n1809)n1841 = AND(n1809, n1822)n1817 = NOT(n1816)n1842 = NOT(n1841)n1843 = AND(n1842, n1814)n1824 = AND(n1823, n1817)n1844 = NOT(n1843)n1845 = AND(n1844, n1817)n1825 = NOT(n1824)n1826 = AND(n3, n1824)n1828 = AND(n1825, n753)n1827 = NOT(n1826)n1846 = NOT(n1845)n1829 = NOT(n1828)n1830 = AND(n1827, n1829)n1833 = AND(n1807, n1829)n1834 = NOT(n1833)n1831 = AND(n752, n1830)n1837 = AND(n1834, n1836)n1832 = NOT(n1831)n1838 = NOT(n1837)n1847 = AND(n1832, n1845)n1839 = AND(n1838, n1832)n1848 = NOT(n1847)n1840 = NOT(n1839)n1849 = AND(n1848, n1837)n1850 = NOT(n1849)n1854 = AND(n1846, n1840)n1851 = AND(n1850, n1840)n1855 = NOT(n1854)n1860 = AND(n2, n1854)n1852 = AND(n1830, n1851)n1856 = AND(n1855, n752)n1861 = NOT(n1860)n1853 = NOT(n1852)n1857 = NOT(n1856)n1858 = AND(n1851, n1856)n1862 = AND(n1857, n751)n1859 = NOT(n1858)n1863 = AND(n1861, n1862)n1864 = NOT(n1863)n1865 = AND(n1859, n1864)n1866 = NOT(n1865)n1867 = AND(n1853, n1865)n1869 = AND(n1866, n1830)n1868 = NOT(n1867)n1870 = NOT(n1869)n1871 = AND(n1868, n1870)n1872 = NOT(n1871)n2524 = AND(n2523, n1871)n2507 = AND(n1872, n2506)n2525 = NOT(n2524)n2508 = NOT(n2507)n4799 = AND(n2508, n2525)
