
wallace_8_brc_mtp_8_em700
0. gate number: 
#AND: 440, #OR: 0, #INV: 424
inter size = 838
The first stage has no error!
Time for remove redundancies: 659.61
Time for rewiring: 11040.7
whole runtime = 11712.5
The whole precess has no error!
Inter circuit size = 838
Final circuit size = 728
1. gate number:
#AND: 165, #OR: 49, #INV: 107

wallace_8_brc_mtp_8_rpe20
0. gate number: 
#AND: 440, #OR: 0, #INV: 424
inter size = 1624
The first stage has no error!

wallace_8_brc_mtp_8_em700
0. gate number: 
#AND: 440, #OR: 0, #INV: 424

wallace_8_brc_mtp_8_rpe20
0. gate number: 
#AND: 440, #OR: 0, #INV: 424

wallace_8_brc_mtp_8_rpe40
0. gate number: 
#AND: 440, #OR: 0, #INV: 424

mtp_8_brc_mtp_8_rpe40
0. gate number: 
#AND: 423, #OR: 0, #INV: 408
inter size = 810
The first stage has no error!
Time for remove redundancies: 1475.85
Time for rewiring: 43716.2
whole runtime = 45205.3
The whole precess has no error!
Inter circuit size = 1624
Final circuit size = 1356
1. gate number:
#AND: 310, #OR: 98, #INV: 198

wallace_8_brc_mtp_8_rpe40
0. gate number: 
#AND: 440, #OR: 0, #INV: 424

wallace_8_brc_mtp_8_rpe60
0. gate number: 
#AND: 440, #OR: 0, #INV: 424
inter size = 366
The first stage has no error!
Time for remove redundancies: 7683.6
Time for rewiring: 16101.2
whole runtime = 23801.1
The whole precess has no error!
Inter circuit size = 366
Final circuit size = 351
1. gate number:
#AND: 113, #OR: 1, #INV: 75
