(82, 0), cost = 60
(200258, 1), cost = 5
(200253, 1), cost = 4
(200252, 0), cost = 7
(200257, 1), cost = 3
(82, 0), cost = 60
(200258, 1), cost = 5
(200253, 1), cost = 4
(200252, 0), cost = 7
(200257, 1), cost = 3
(82, 0), cost = 60
(200258, 1), cost = 5
(200253, 1), cost = 4
(200252, 0), cost = 7
(200257, 1), cost = 3
(27, 1), cost = 11
(27, 1), cost = 11
(27, 1), cost = 11
(27, 1), cost = 11
(27, 1), cost = 11
(27, 1), cost = 11
(27, 1), cost = 11
(27, 1), cost = 11
(27, 1), cost = 11
(27, 1), cost = 11
(27, 1), cost = 11
(27, 1), cost = 11
(27, 1), cost = 11
(27, 1), cost = 11
(27, 1), cost = 11
(27, 1), cost = 11
(27, 1), cost = 11
(27, 1), cost = 11
(27, 1), cost = 11
(27, 1), cost = 11
(27, 1), cost = 11
(27, 1), cost = 11
(27, 1), cost = 13
(94, 1), cost = 2
(3, 0), cost = 3
(4, 1), cost = 3
(9, 1), cost = 27
(30, 1), cost = 3
(27, 1), cost = 13
(94, 1), cost = 2
(3, 0), cost = 3
(4, 1), cost = 3
(9, 1), cost = 27
(30, 1), cost = 3
(27, 1), cost = 13
(94, 1), cost = 3
(3, 0), cost = 3
(4, 1), cost = 3
(9, 1), cost = 28
(30, 1), cost = 3
(27, 1), cost = 13
(649, 1), cost = 21
(30, 1), cost = 3
(27, 1), cost = 13
(94, 1), cost = 3
(3, 0), cost = 3
(4, 1), cost = 3
(9, 1), cost = 28
(30, 1), cost = 3
(27, 1), cost = 10
(21, 0), cost = 17
(6, 0), cost = 3
(4, 1), cost = 2
(9, 1), cost = 31
(27, 1), cost = 13
(649, 0), cost = 21
(27, 1), cost = 13
(649, 0), cost = 21
(27, 1), cost = 13
(5, 1), cost = 2
(4, 1), cost = 3
(9, 1), cost = 2
(35, 1), cost = 3
(14, 1), cost = 2
(5, 1), cost = 2
(37, 1), cost = 3
(31, 0), cost = 3
(94, 0), cost = 4
(31, 0), cost = 3
(27, 1), cost = 11
(4, 1), cost = 2
(9, 1), cost = 2
(5, 1), cost = 2
(14, 1), cost = 2
(14, 1), cost = 2
(35, 1), cost = 3
(14, 1), cost = 2
(5, 1), cost = 2
(37, 1), cost = 3
(31, 0), cost = 3
(94, 0), cost = 4
(31, 0), cost = 3
(27, 1), cost = 11
(94, 1), cost = 3
(5, 1), cost = 2
(4, 1), cost = 3
(14, 0), cost = 3
(9, 1), cost = 3
(14, 0), cost = 3
(35, 1), cost = 3
(14, 0), cost = 3
(35, 1), cost = 3
(37, 1), cost = 3
(5, 1), cost = 2
(5, 1), cost = 2
(37, 1), cost = 3
(6, 0), cost = 6
(9, 1), cost = 3
(34, 1), cost = 3
(9, 1), cost = 2
(34, 1), cost = 3
(9, 1), cost = 2
(4, 1), cost = 2
(4, 1), cost = 2
(31, 1), cost = 2
(37, 1), cost = 3
(14, 0), cost = 3
(5, 1), cost = 2
(27, 1), cost = 11
(94, 1), cost = 3
(5, 1), cost = 2
(4, 1), cost = 3
(14, 0), cost = 3
(9, 1), cost = 3
(14, 0), cost = 3
(35, 1), cost = 3
(14, 0), cost = 3
(35, 1), cost = 3
(37, 1), cost = 3
(5, 1), cost = 2
(5, 1), cost = 2
(37, 1), cost = 3
(6, 0), cost = 6
(9, 1), cost = 3
(34, 1), cost = 3
(9, 1), cost = 2
(34, 1), cost = 3
(9, 1), cost = 2
(4, 1), cost = 2
(4, 1), cost = 2
(31, 1), cost = 2
(37, 1), cost = 3
(14, 0), cost = 3
(5, 1), cost = 2
(27, 1), cost = 11
(94, 1), cost = 3
(5, 1), cost = 2
(4, 1), cost = 3
(14, 0), cost = 3
(9, 1), cost = 3
(14, 0), cost = 3
(35, 1), cost = 3
(14, 0), cost = 3
(35, 1), cost = 3
(37, 1), cost = 3
(5, 1), cost = 2
(5, 1), cost = 2
(37, 1), cost = 3
(6, 0), cost = 6
(9, 1), cost = 3
(34, 1), cost = 3
(9, 1), cost = 2
(34, 1), cost = 3
(9, 1), cost = 2
(4, 1), cost = 2
(4, 1), cost = 2
(31, 1), cost = 2
(37, 1), cost = 3
(14, 0), cost = 3
(5, 1), cost = 2
(112, 1), cost = 3
(112, 1), cost = 3
(90, 0), cost = 3
(105, 1), cost = 2
(108, 1), cost = 2
(106, 1), cost = 2
(110, 1), cost = 2
(12, 1), cost = 2
(11, 1), cost = 3
(72, 1), cost = 2
(43, 1), cost = 2
(89, 1), cost = 2
(87, 1), cost = 2
(86, 1), cost = 2
(92, 1), cost = 2
(91, 1), cost = 2
(106, 1), cost = 2
(110, 1), cost = 2
(108, 1), cost = 2
(95, 1), cost = 2
(96, 1), cost = 2
(100, 1), cost = 2
(86, 1), cost = 2
(102, 1), cost = 2
(86, 1), cost = 2
(100, 1), cost = 2
(97, 1), cost = 2
(87, 1), cost = 2
(110, 1), cost = 2
(108, 1), cost = 2
(101, 1), cost = 2
(108, 1), cost = 2
(106, 1), cost = 2
(102, 1), cost = 2
(43, 1), cost = 2
(110, 1), cost = 2
(106, 1), cost = 2
(100, 1), cost = 2
(99, 1), cost = 2
(97, 1), cost = 2
(43, 1), cost = 2
(110, 1), cost = 2
(103, 1), cost = 3
(108, 1), cost = 2
(101, 1), cost = 2
(101, 1), cost = 2
(108, 1), cost = 2
(101, 1), cost = 2
(101, 1), cost = 2
(117, 1), cost = 2
(106, 1), cost = 2
(89, 1), cost = 2
(103, 1), cost = 3
(110, 1), cost = 2
(95, 1), cost = 2
(103, 1), cost = 3
(43, 1), cost = 2
(103, 1), cost = 3
(106, 1), cost = 2
(122, 0), cost = 3
(123, 1), cost = 3
(109, 1), cost = 2
(124, 1), cost = 2
(106, 1), cost = 2
(109, 1), cost = 2
(101, 1), cost = 2
(86, 1), cost = 2
(102, 1), cost = 2
(87, 1), cost = 2
(101, 1), cost = 2
(97, 1), cost = 2
(101, 1), cost = 2
(16, 1), cost = 3
(16, 1), cost = 3
(12, 1), cost = 2
(16, 1), cost = 3
(16, 1), cost = 3
(16, 1), cost = 3
(16, 1), cost = 3
(16, 1), cost = 3
(106, 1), cost = 2
(110, 1), cost = 2
(109, 1), cost = 2
(109, 1), cost = 2
(106, 1), cost = 2
(110, 1), cost = 2
(103, 1), cost = 3
(91, 1), cost = 2
(89, 1), cost = 2
(103, 1), cost = 3
(89, 1), cost = 2
(91, 1), cost = 2
(103, 1), cost = 3
(29, 0), cost = 5
(27, 1), cost = 2
(7, 1), cost = 2
(5, 1), cost = 2
(21, 1), cost = 3
(10, 1), cost = 2
(5, 1), cost = 2
(12, 1), cost = 3
(10, 1), cost = 2
(7, 1), cost = 2
(21, 1), cost = 3
(6, 1), cost = 2
(10, 1), cost = 2
(62, 1), cost = 2
(30, 1), cost = 2
(24, 1), cost = 3
(6, 1), cost = 2
(33, 1), cost = 2
(21, 1), cost = 3
(12, 1), cost = 3
(35, 1), cost = 2
(37, 1), cost = 2
(30, 1), cost = 2
(7, 1), cost = 2
(35, 1), cost = 2
(27, 1), cost = 2
(27, 1), cost = 2
(35, 1), cost = 2
(6, 1), cost = 2
(27, 1), cost = 2
(6, 1), cost = 2
(5, 1), cost = 2
(10, 1), cost = 2
(6, 1), cost = 2
(39, 1), cost = 3
(30, 1), cost = 2
(10, 1), cost = 2
(9, 1), cost = 2
(10, 1), cost = 2
(60, 1), cost = 2
(35, 1), cost = 2
(9, 1), cost = 2
(6, 1), cost = 2
(21, 1), cost = 3
(27, 1), cost = 2
(37, 1), cost = 2
(27, 1), cost = 2
(7, 1), cost = 2
(10, 1), cost = 2
(29, 0), cost = 5
(21, 1), cost = 3
(4, 0), cost = 8
(33, 1), cost = 2
(5, 1), cost = 2
(21, 1), cost = 3
(39, 1), cost = 3
(6, 1), cost = 2
(5, 1), cost = 2
(27, 1), cost = 2
(12, 1), cost = 3
(21, 1), cost = 3
(6, 1), cost = 2
(7, 1), cost = 2
(27, 1), cost = 2
(7, 1), cost = 2
(62, 1), cost = 2
(60, 1), cost = 2
(27, 1), cost = 2
(10, 1), cost = 2
(35, 1), cost = 2
(35, 1), cost = 2
(12, 1), cost = 3
(21, 1), cost = 3
(9, 1), cost = 2
(10, 1), cost = 2
(6, 1), cost = 2
(7, 1), cost = 2
(21, 1), cost = 3
(10, 1), cost = 2
(10, 1), cost = 2
(10, 1), cost = 2
(6, 1), cost = 2
(6, 1), cost = 2
(35, 1), cost = 2
(30, 1), cost = 2
(35, 1), cost = 2
(35, 1), cost = 2
(35, 1), cost = 2
(7, 1), cost = 2
(7, 1), cost = 2
(30, 1), cost = 2
(6, 1), cost = 2
(28, 1), cost = 11
(30, 1), cost = 2
(10, 1), cost = 2
(9, 1), cost = 3
(10, 1), cost = 2
(29, 0), cost = 5
(39, 1), cost = 3
(30, 1), cost = 2
(7, 1), cost = 2
(12, 1), cost = 3
(35, 1), cost = 2
(6, 1), cost = 2
(12, 1), cost = 3
(30, 1), cost = 2
(27, 1), cost = 3
(62, 1), cost = 2
(35, 1), cost = 2
(27, 1), cost = 2
(24, 1), cost = 2
(6, 1), cost = 2
(9, 1), cost = 2
(21, 1), cost = 3
(35, 1), cost = 2
(21, 1), cost = 3
(10, 1), cost = 2
(6, 1), cost = 2
(10, 1), cost = 2
(27, 1), cost = 2
(7, 1), cost = 2
(7, 1), cost = 2
(5, 1), cost = 2
(21, 1), cost = 3
(27, 1), cost = 2
(24, 1), cost = 3
(10, 1), cost = 2
(7, 1), cost = 2
(35, 1), cost = 2
(35, 1), cost = 2
(10, 1), cost = 2
(7, 1), cost = 2
(6, 1), cost = 2
(21, 1), cost = 3
(30, 1), cost = 2
(10, 1), cost = 2
(21, 1), cost = 3
(10, 1), cost = 2
(9, 1), cost = 3
(48, 1), cost = 2
(35, 1), cost = 2
(33, 1), cost = 3
(29, 0), cost = 8
(6, 1), cost = 2
(29, 0), cost = 8
(29, 0), cost = 15
(29, 0), cost = 8
(21, 1), cost = 3
(29, 0), cost = 5
(12, 1), cost = 3
(6, 1), cost = 2
(29, 0), cost = 9
(35, 1), cost = 2
(29, 0), cost = 16
(29, 0), cost = 11
(29, 0), cost = 9
(27, 1), cost = 2
(29, 0), cost = 12
(24, 1), cost = 2
(29, 0), cost = 12
(35, 1), cost = 2
(29, 0), cost = 5
(29, 0), cost = 9
(29, 0), cost = 9
(35, 1), cost = 2
(30, 1), cost = 2
(29, 0), cost = 12
(9, 1), cost = 2
(7, 1), cost = 2
(5, 1), cost = 2
(29, 0), cost = 13
(62, 1), cost = 2
(6, 1), cost = 2
(29, 0), cost = 16
(10, 1), cost = 2
(29, 0), cost = 8
(27, 1), cost = 2
(10, 1), cost = 2
(5, 1), cost = 2
(29, 0), cost = 11
(12, 1), cost = 3
(35, 1), cost = 2
(7, 1), cost = 2
(29, 0), cost = 19
(29, 0), cost = 12
(39, 1), cost = 3
(29, 0), cost = 12
(33, 1), cost = 2
(7, 1), cost = 2
(29, 0), cost = 8
(29, 0), cost = 9
(29, 0), cost = 5
(29, 0), cost = 13
(30, 1), cost = 2
(9, 1), cost = 2
(29, 0), cost = 8
(9, 1), cost = 2
(6, 1), cost = 2
(29, 0), cost = 12
(27, 1), cost = 2
(29, 0), cost = 9
(21, 1), cost = 3
(29, 0), cost = 29
(27, 1), cost = 2
(10, 1), cost = 2
(29, 0), cost = 13
(35, 1), cost = 2
(29, 0), cost = 5
(29, 0), cost = 8
(29, 0), cost = 19
(7, 1), cost = 2
(6, 1), cost = 2
(29, 0), cost = 15
(21, 1), cost = 3
(30, 1), cost = 2
(29, 0), cost = 16
(10, 1), cost = 2
(29, 0), cost = 8
(6, 1), cost = 2
(29, 0), cost = 5
(21, 1), cost = 3
(10, 1), cost = 2
(29, 0), cost = 5
(29, 0), cost = 12
(29, 0), cost = 13
(29, 0), cost = 5
(29, 0), cost = 5
(45, 1), cost = 3
(21, 1), cost = 3
(6, 1), cost = 2
(5, 1), cost = 2
(10, 1), cost = 2
(9, 1), cost = 3
(7, 1), cost = 2
(45, 1), cost = 3
(12, 1), cost = 3
(21, 1), cost = 3
(12, 1), cost = 3
(21, 1), cost = 3
(9, 1), cost = 2
(5, 1), cost = 2
(30, 1), cost = 2
(9, 1), cost = 2
(7, 1), cost = 2
(5, 1), cost = 2
(24, 1), cost = 2
(30, 1), cost = 2
(10, 1), cost = 2
(7, 1), cost = 2
(33, 1), cost = 2
(33, 1), cost = 2
(6, 1), cost = 2
(39, 1), cost = 3
(10, 1), cost = 2
(6, 1), cost = 2
(35, 1), cost = 2
(35, 1), cost = 2
(7, 1), cost = 2
(30, 1), cost = 2
(10, 1), cost = 2
(35, 1), cost = 2
(6, 1), cost = 2
(35, 1), cost = 2
(7, 1), cost = 2
(30, 1), cost = 2
(29, 0), cost = 4
(45, 1), cost = 3
(21, 1), cost = 3
(6, 1), cost = 2
(5, 1), cost = 2
(10, 1), cost = 2
(9, 1), cost = 3
(7, 1), cost = 2
(45, 1), cost = 3
(12, 1), cost = 3
(21, 1), cost = 3
(12, 1), cost = 3
(21, 1), cost = 3
(9, 1), cost = 2
(5, 1), cost = 2
(30, 1), cost = 2
(9, 1), cost = 2
(7, 1), cost = 2
(5, 1), cost = 2
(24, 1), cost = 2
(30, 1), cost = 2
(10, 1), cost = 2
(7, 1), cost = 2
(33, 1), cost = 2
(33, 1), cost = 2
(6, 1), cost = 2
(39, 1), cost = 3
(10, 1), cost = 2
(6, 1), cost = 2
(35, 1), cost = 2
(35, 1), cost = 2
(7, 1), cost = 2
(30, 1), cost = 2
(29, 0), cost = 4
(13, 0), cost = 7
(6, 1), cost = 2
(5, 1), cost = 2
(10, 1), cost = 2
(9, 1), cost = 3
(7, 1), cost = 2
(6, 1), cost = 2
(12, 1), cost = 3
(10, 1), cost = 2
(46, 1), cost = 3
(21, 1), cost = 3
(21, 1), cost = 3
(12, 1), cost = 3
(21, 1), cost = 3
(9, 1), cost = 2
(5, 1), cost = 2
(30, 1), cost = 2
(9, 1), cost = 2
(7, 1), cost = 2
(24, 1), cost = 2
(10, 1), cost = 2
(30, 1), cost = 2
(7, 1), cost = 2
(33, 1), cost = 2
(33, 1), cost = 2
(6, 1), cost = 2
(35, 1), cost = 2
(35, 1), cost = 2
(27, 1), cost = 2
(39, 1), cost = 3
(62, 1), cost = 2
(10, 1), cost = 2
(6, 1), cost = 2
(35, 1), cost = 2
(35, 1), cost = 2
(7, 1), cost = 2
(30, 1), cost = 2
(27, 1), cost = 24
(5, 1), cost = 2
(4, 1), cost = 3
(35, 1), cost = 3
(14, 1), cost = 2
(9, 1), cost = 3
(35, 1), cost = 3
(14, 1), cost = 2
(5, 1), cost = 2
(37, 1), cost = 3
(31, 0), cost = 3
(94, 0), cost = 3
(31, 0), cost = 3
(27, 1), cost = 24
(94, 1), cost = 2
(5, 1), cost = 2
(4, 1), cost = 3
(35, 1), cost = 3
(14, 0), cost = 3
(9, 1), cost = 3
(35, 1), cost = 3
(14, 0), cost = 3
(5, 1), cost = 2
(36, 1), cost = 3
(9, 1), cost = 2
(5, 1), cost = 2
(34, 1), cost = 3
(9, 1), cost = 2
(34, 1), cost = 3
(9, 1), cost = 2
(4, 1), cost = 2
(4, 1), cost = 2
(27, 1), cost = 24
(94, 1), cost = 2
(5, 1), cost = 2
(4, 1), cost = 3
(35, 1), cost = 3
(14, 0), cost = 3
(9, 1), cost = 3
(35, 1), cost = 3
(14, 0), cost = 3
(5, 1), cost = 2
(36, 1), cost = 3
(9, 1), cost = 2
(5, 1), cost = 2
(34, 1), cost = 3
(9, 1), cost = 2
(34, 1), cost = 3
(9, 1), cost = 2
(4, 1), cost = 2
(4, 1), cost = 2
(27, 1), cost = 24
(94, 1), cost = 2
(5, 1), cost = 2
(4, 1), cost = 3
(35, 1), cost = 3
(14, 0), cost = 3
(9, 1), cost = 3
(35, 1), cost = 3
(14, 0), cost = 3
(5, 1), cost = 2
(36, 1), cost = 3
(9, 1), cost = 2
(5, 1), cost = 2
(34, 1), cost = 3
(9, 1), cost = 2
(34, 1), cost = 3
(9, 1), cost = 2
(4, 1), cost = 2
(4, 1), cost = 2
(27, 1), cost = 24
(94, 1), cost = 2
(5, 1), cost = 2
(4, 1), cost = 3
(35, 1), cost = 3
(14, 0), cost = 3
(9, 1), cost = 3
(35, 1), cost = 3
(14, 0), cost = 3
(5, 1), cost = 2
(36, 1), cost = 3
(9, 1), cost = 2
(5, 1), cost = 2
(34, 1), cost = 3
(9, 1), cost = 2
(34, 1), cost = 3
(9, 1), cost = 2
(4, 1), cost = 2
(4, 1), cost = 2
(27, 1), cost = 24
(94, 1), cost = 2
(5, 1), cost = 2
(4, 1), cost = 3
(35, 1), cost = 3
(14, 0), cost = 3
(9, 1), cost = 3
(35, 1), cost = 3
(14, 0), cost = 3
(5, 1), cost = 2
(36, 1), cost = 3
(9, 1), cost = 2
(5, 1), cost = 2
(34, 1), cost = 3
(9, 1), cost = 2
(34, 1), cost = 3
(9, 1), cost = 2
(4, 1), cost = 2
(4, 1), cost = 2
(27, 1), cost = 24
(94, 1), cost = 2
(5, 1), cost = 2
(4, 1), cost = 3
(35, 1), cost = 3
(14, 0), cost = 3
(9, 1), cost = 3
(35, 1), cost = 3
(14, 0), cost = 3
(5, 1), cost = 2
(36, 1), cost = 3
(9, 1), cost = 2
(5, 1), cost = 2
(34, 1), cost = 3
(9, 1), cost = 2
(34, 1), cost = 3
(9, 1), cost = 2
(4, 1), cost = 2
(4, 1), cost = 2
(27, 1), cost = 24
(94, 1), cost = 2
(5, 1), cost = 2
(4, 1), cost = 3
(35, 1), cost = 3
(14, 0), cost = 3
(9, 1), cost = 3
(35, 1), cost = 3
(14, 0), cost = 3
(5, 1), cost = 2
(36, 1), cost = 3
(9, 1), cost = 2
(5, 1), cost = 2
(34, 1), cost = 3
(9, 1), cost = 2
(34, 1), cost = 3
(9, 1), cost = 2
(4, 1), cost = 2
(4, 1), cost = 2
(27, 1), cost = 24
(94, 1), cost = 2
(5, 1), cost = 2
(4, 1), cost = 3
(35, 1), cost = 3
(14, 0), cost = 3
(9, 1), cost = 3
(35, 1), cost = 3
(14, 0), cost = 3
(5, 1), cost = 2
(36, 1), cost = 3
(9, 1), cost = 2
(5, 1), cost = 2
(34, 1), cost = 3
(9, 1), cost = 2
(34, 1), cost = 3
(9, 1), cost = 2
(4, 1), cost = 2
(4, 1), cost = 2
(27, 1), cost = 24
(94, 1), cost = 2
(5, 1), cost = 2
(4, 1), cost = 3
(35, 1), cost = 3
(14, 0), cost = 3
(9, 1), cost = 3
(35, 1), cost = 3
(14, 0), cost = 3
(5, 1), cost = 2
(36, 1), cost = 3
(9, 1), cost = 2
(5, 1), cost = 2
(34, 1), cost = 3
(9, 1), cost = 2
(34, 1), cost = 3
(9, 1), cost = 2
(4, 1), cost = 2
(4, 1), cost = 2
(27, 1), cost = 24
(5, 1), cost = 2
(4, 1), cost = 3
(35, 1), cost = 3
(14, 1), cost = 2
(9, 1), cost = 3
(35, 1), cost = 3
(14, 1), cost = 2
(5, 1), cost = 2
(37, 1), cost = 3
(31, 0), cost = 3
(94, 0), cost = 3
(31, 0), cost = 3
(42, 0), cost = 5
(29, 0), cost = 5
(43, 1), cost = 3
(7, 1), cost = 2
(21, 1), cost = 3
(13, 0), cost = 7
(7, 1), cost = 2
(6, 1), cost = 2
(5, 1), cost = 2
(7, 1), cost = 2
(6, 1), cost = 2
(10, 1), cost = 2
(9, 1), cost = 3
(10, 1), cost = 2
(12, 1), cost = 3
(42, 0), cost = 5
(29, 0), cost = 5
(43, 1), cost = 3
(7, 1), cost = 2
(13, 0), cost = 7
(6, 1), cost = 2
(5, 1), cost = 3
(9, 1), cost = 2
(6, 1), cost = 2
(10, 1), cost = 2
(12, 1), cost = 3
(21, 1), cost = 3
(12, 1), cost = 3
(5, 1), cost = 2
(9, 1), cost = 2
(5, 1), cost = 2
(24, 1), cost = 3
(10, 1), cost = 2
(37, 1), cost = 2
(33, 1), cost = 2
(6, 1), cost = 2
(6, 1), cost = 2
(27, 1), cost = 3
(35, 1), cost = 2
(27, 1), cost = 3
(11, 0), cost = 4
(37, 1), cost = 2
(21, 1), cost = 3
(62, 1), cost = 2
(10, 1), cost = 2
(21, 1), cost = 3
(10, 1), cost = 2
(6, 1), cost = 2
(6, 1), cost = 2
(27, 1), cost = 3
(27, 1), cost = 3
(10, 1), cost = 2
(21, 1), cost = 3
(10, 1), cost = 2
(6, 1), cost = 2
(6, 1), cost = 2
(27, 1), cost = 3
(27, 1), cost = 3
(29, 0), cost = 5
(13, 0), cost = 7
(6, 1), cost = 2
(5, 1), cost = 2
(7, 1), cost = 2
(6, 1), cost = 2
(10, 1), cost = 2
(9, 1), cost = 3
(10, 1), cost = 2
(12, 1), cost = 3
(46, 1), cost = 3
(21, 1), cost = 3
(12, 1), cost = 3
(21, 1), cost = 3
(21, 1), cost = 3
(5, 1), cost = 2
(9, 1), cost = 2
(30, 1), cost = 2
(7, 1), cost = 2
(24, 1), cost = 2
(10, 1), cost = 2
(30, 1), cost = 2
(7, 1), cost = 2
(33, 1), cost = 2
(6, 1), cost = 2
(6, 1), cost = 2
(35, 1), cost = 2
(27, 1), cost = 2
(35, 1), cost = 2
(39, 1), cost = 3
(62, 1), cost = 2
(10, 1), cost = 2
(10, 1), cost = 2
(6, 1), cost = 2
(6, 1), cost = 2
(35, 1), cost = 2
(35, 1), cost = 2
(7, 1), cost = 2
(30, 1), cost = 2
(10, 1), cost = 2
(6, 1), cost = 2
(6, 1), cost = 2
(35, 1), cost = 2
(35, 1), cost = 2
(7, 1), cost = 2
(30, 1), cost = 2
(31, 0), cost = 32
(41, 0), cost = 29
(18, 1), cost = 19
(19, 1), cost = 6
(25, 1), cost = 5
(22, 0), cost = 7
(28, 1), cost = 2
(31, 0), cost = 32
(41, 0), cost = 29
(29, 0), cost = 6
(27, 1), cost = 3
(9, 1), cost = 3
(5, 1), cost = 3
(48, 1), cost = 2
(47, 1), cost = 3
(5, 1), cost = 3
(4, 0), cost = 4
(4, 0), cost = 4
(33, 1), cost = 3
(22, 1), cost = 13
(8, 0), cost = 4
(4, 0), cost = 4
(33, 1), cost = 3
(31, 0), cost = 32
(41, 0), cost = 29
(18, 1), cost = 19
(19, 1), cost = 6
(25, 1), cost = 5
(22, 0), cost = 7
(28, 1), cost = 2
(31, 0), cost = 32
(41, 0), cost = 29
(18, 1), cost = 19
(25, 0), cost = 5
(8, 0), cost = 7
(28, 0), cost = 3
(5, 0), cost = 3
(748, 0), cost = 2
(31, 0), cost = 32
(41, 0), cost = 29
(18, 1), cost = 19
(25, 0), cost = 5
(8, 0), cost = 7
(28, 0), cost = 3
(5, 0), cost = 3
(748, 0), cost = 2
(31, 0), cost = 32
(41, 0), cost = 29
(18, 1), cost = 19
(25, 0), cost = 5
(8, 0), cost = 7
(28, 0), cost = 3
(5, 0), cost = 3
(748, 0), cost = 2
(31, 0), cost = 32
(41, 0), cost = 29
(18, 1), cost = 19
(25, 0), cost = 5
(8, 0), cost = 7
(28, 0), cost = 3
(5, 0), cost = 3
(748, 0), cost = 2
(31, 0), cost = 32
(41, 0), cost = 29
(18, 1), cost = 19
(25, 0), cost = 5
(8, 0), cost = 7
(28, 0), cost = 3
(5, 0), cost = 3
(748, 0), cost = 2
(31, 0), cost = 32
(41, 0), cost = 29
(18, 1), cost = 19
(25, 0), cost = 5
(8, 0), cost = 7
(28, 0), cost = 3
(5, 0), cost = 3
(748, 0), cost = 2
(31, 0), cost = 32
(41, 0), cost = 29
(26, 1), cost = 7
(29, 1), cost = 7
(23, 0), cost = 9
(19, 1), cost = 8
(31, 0), cost = 32
(41, 0), cost = 29
(26, 1), cost = 7
(29, 1), cost = 7
(23, 0), cost = 9
(19, 1), cost = 8
(31, 0), cost = 32
(41, 0), cost = 29
(18, 1), cost = 19
(25, 0), cost = 5
(8, 0), cost = 7
(28, 0), cost = 3
(5, 0), cost = 3
(748, 0), cost = 2
(31, 0), cost = 32
(41, 0), cost = 29
(18, 1), cost = 19
(25, 0), cost = 5
(8, 0), cost = 7
(28, 0), cost = 3
(5, 0), cost = 3
(748, 0), cost = 2
(31, 0), cost = 32
(41, 0), cost = 29
(18, 1), cost = 19
(25, 0), cost = 5
(8, 0), cost = 7
(28, 0), cost = 3
(5, 0), cost = 3
(748, 0), cost = 2
(31, 0), cost = 32
(41, 0), cost = 29
(18, 1), cost = 19
(25, 0), cost = 5
(8, 0), cost = 7
(28, 0), cost = 3
(5, 0), cost = 3
(748, 0), cost = 2
(31, 0), cost = 32
(41, 0), cost = 29
(18, 1), cost = 19
(25, 0), cost = 5
(8, 0), cost = 7
(28, 0), cost = 3
(5, 0), cost = 3
(748, 0), cost = 2
(31, 0), cost = 32
(41, 0), cost = 29
(18, 1), cost = 19
(25, 0), cost = 5
(8, 0), cost = 7
(28, 1), cost = 3
(5, 0), cost = 3
(748, 0), cost = 2
(31, 0), cost = 32
(41, 0), cost = 29
(18, 1), cost = 19
(19, 1), cost = 6
(25, 0), cost = 5
(22, 0), cost = 7
(28, 1), cost = 2
(31, 0), cost = 32
(41, 0), cost = 29
(18, 1), cost = 19
(19, 1), cost = 6
(25, 0), cost = 5
(22, 0), cost = 7
(28, 1), cost = 2
(31, 0), cost = 32
(41, 0), cost = 29
(18, 1), cost = 19
(19, 1), cost = 6
(25, 0), cost = 5
(22, 0), cost = 7
(28, 1), cost = 2
(34, 0), cost = 32
(29, 1), cost = 7
(32, 1), cost = 7
(26, 0), cost = 9
(22, 1), cost = 8
(8, 1), cost = 2
(9, 1), cost = 2
(39, 1), cost = 3
(66, 1), cost = 3
(75, 1), cost = 3
(77, 1), cost = 3
(79, 1), cost = 3
(81, 1), cost = 3
(82, 1), cost = 3
(87, 1), cost = 2
(7, 0), cost = 3
(7, 0), cost = 3
(90, 1), cost = 2
(112, 1), cost = 3
(113, 1), cost = 3
(7, 0), cost = 3
(112, 1), cost = 3
(90, 1), cost = 2
(112, 1), cost = 3
(113, 1), cost = 3
(7, 0), cost = 3
(98, 0), cost = 4
(112, 1), cost = 3
(51, 0), cost = 6
(90, 1), cost = 2
(47, 1), cost = 10
(103, 1), cost = 2
(108, 1), cost = 3
(105, 1), cost = 3
(96, 1), cost = 3
(96, 1), cost = 3
(96, 1), cost = 3
(96, 1), cost = 3
(86, 1), cost = 3
(86, 1), cost = 3
(86, 1), cost = 3
(86, 1), cost = 3
(8, 1), cost = 2
(89, 1), cost = 3
(27, 1), cost = 11
(651, 1), cost = 2
(19, 0), cost = 6
(5, 1), cost = 2
(27, 1), cost = 11
(19, 0), cost = 6
(94, 1), cost = 3
(5, 1), cost = 2
(27, 1), cost = 11
(17, 0), cost = 9
(19, 0), cost = 6
(34, 1), cost = 3
(9, 1), cost = 3
(27, 1), cost = 11
(17, 0), cost = 9
(19, 0), cost = 6
(34, 1), cost = 3
(30, 0), cost = 3
(9, 1), cost = 3
(27, 1), cost = 11
(27, 1), cost = 11
(94, 1), cost = 3
(27, 1), cost = 11
(94, 1), cost = 3
(29, 0), cost = 5
(29, 0), cost = 5
(29, 0), cost = 5
(29, 0), cost = 5
(29, 0), cost = 5
(29, 0), cost = 5
(29, 0), cost = 5
(29, 0), cost = 5
(27, 1), cost = 11
(651, 1), cost = 2
(19, 0), cost = 6
(5, 1), cost = 2
(27, 1), cost = 11
(651, 1), cost = 2
(19, 0), cost = 6
(5, 1), cost = 2
(27, 1), cost = 11
(651, 1), cost = 2
(19, 0), cost = 6
(5, 1), cost = 2
(27, 1), cost = 11
(651, 1), cost = 2
(19, 0), cost = 6
(5, 1), cost = 2
(27, 1), cost = 11
(651, 1), cost = 2
(19, 0), cost = 6
(5, 1), cost = 2
(27, 1), cost = 11
(651, 1), cost = 2
(19, 0), cost = 6
(5, 1), cost = 2
(27, 1), cost = 11
(651, 1), cost = 2
(19, 0), cost = 6
(5, 1), cost = 2
(27, 1), cost = 11
(651, 1), cost = 2
(19, 0), cost = 6
(5, 1), cost = 2
(27, 1), cost = 11
(651, 1), cost = 2
(19, 0), cost = 6
(5, 1), cost = 2
(27, 1), cost = 11
(651, 1), cost = 2
(19, 0), cost = 6
(5, 1), cost = 2
(27, 1), cost = 11
(651, 1), cost = 2
(19, 0), cost = 6
(5, 1), cost = 2
(27, 1), cost = 11
(651, 1), cost = 2
(19, 0), cost = 6
(5, 1), cost = 2
(27, 1), cost = 11
(651, 1), cost = 2
(19, 0), cost = 6
(5, 1), cost = 2
(27, 1), cost = 11
(651, 1), cost = 2
(19, 0), cost = 6
(5, 1), cost = 2
(27, 1), cost = 11
(651, 1), cost = 2
(19, 0), cost = 6
(5, 1), cost = 2
(27, 1), cost = 11
(651, 1), cost = 2
(19, 0), cost = 6
(5, 1), cost = 2
(27, 1), cost = 11
(651, 1), cost = 2
(19, 0), cost = 6
(5, 1), cost = 2
(27, 1), cost = 11
(651, 1), cost = 2
(19, 0), cost = 6
(5, 1), cost = 2
(27, 1), cost = 11
(651, 1), cost = 2
(19, 0), cost = 6
(5, 1), cost = 2
(27, 1), cost = 11
(651, 1), cost = 2
(19, 0), cost = 6
(5, 1), cost = 2
(27, 1), cost = 11
(651, 1), cost = 2
(19, 0), cost = 6
(5, 1), cost = 2
(27, 1), cost = 11
(651, 1), cost = 2
(19, 0), cost = 6
(5, 1), cost = 2
(27, 1), cost = 11
(651, 1), cost = 2
(19, 0), cost = 6
(5, 1), cost = 2
(27, 1), cost = 11
(651, 1), cost = 2
(19, 0), cost = 6
(5, 1), cost = 2
(27, 1), cost = 11
(651, 1), cost = 2
(19, 0), cost = 6
(5, 1), cost = 2
(27, 1), cost = 11
(651, 1), cost = 2
(19, 0), cost = 6
(5, 1), cost = 2
(27, 1), cost = 11
(651, 1), cost = 2
(19, 0), cost = 6
(5, 1), cost = 2
(27, 1), cost = 11
(651, 1), cost = 2
(19, 0), cost = 6
(5, 1), cost = 2
(27, 1), cost = 11
(651, 1), cost = 2
(19, 0), cost = 6
(5, 1), cost = 2
(27, 1), cost = 11
(651, 1), cost = 2
(19, 0), cost = 6
(5, 1), cost = 2
(27, 1), cost = 11
(651, 1), cost = 2
(19, 0), cost = 6
(5, 1), cost = 2
(27, 1), cost = 11
(651, 1), cost = 2
(19, 0), cost = 6
(5, 1), cost = 2
(27, 1), cost = 11
(651, 1), cost = 2
(19, 0), cost = 6
(5, 1), cost = 2
(27, 1), cost = 11
(19, 0), cost = 6
(94, 1), cost = 3
(5, 1), cost = 2
(27, 1), cost = 11
(17, 0), cost = 9
(19, 0), cost = 6
(34, 1), cost = 3
(9, 1), cost = 3
(27, 1), cost = 11
(17, 0), cost = 9
(19, 0), cost = 6
(34, 1), cost = 3
(30, 0), cost = 3
(9, 1), cost = 3
(650, 0), cost = 29
(10, 0), cost = 7
(30, 1), cost = 3
(29, 0), cost = 5
(29, 0), cost = 5
(29, 0), cost = 5
(29, 0), cost = 5
(29, 0), cost = 5
(29, 0), cost = 5
(29, 0), cost = 5
(23, 0), cost = 5
(27, 1), cost = 24
(5, 1), cost = 2
(4, 1), cost = 3
(35, 1), cost = 3
(14, 1), cost = 2
(9, 1), cost = 3
(35, 1), cost = 3
(14, 1), cost = 2
(5, 1), cost = 2
(37, 1), cost = 3
(31, 0), cost = 3
(94, 0), cost = 4
(31, 0), cost = 3
(27, 1), cost = 11
(9, 1), cost = 2
(5, 1), cost = 2
(4, 1), cost = 3
(14, 1), cost = 2
(35, 1), cost = 3
(14, 1), cost = 2
(5, 1), cost = 2
(37, 1), cost = 3
(94, 0), cost = 4
(27, 1), cost = 11
(9, 1), cost = 2
(5, 1), cost = 2
(4, 1), cost = 3
(14, 1), cost = 2
(35, 1), cost = 3
(14, 1), cost = 2
(5, 1), cost = 2
(37, 1), cost = 3
(94, 0), cost = 4
(27, 1), cost = 11
(9, 1), cost = 2
(5, 1), cost = 2
(4, 1), cost = 3
(35, 1), cost = 3
(14, 1), cost = 2
(5, 1), cost = 2
(37, 1), cost = 3
(94, 0), cost = 4
(27, 1), cost = 11
(14, 1), cost = 2
(9, 1), cost = 3
(5, 1), cost = 2
(4, 1), cost = 3
(35, 1), cost = 3
(14, 1), cost = 2
(37, 1), cost = 3
(5, 1), cost = 2
(34, 1), cost = 3
(34, 1), cost = 3
(4, 1), cost = 2
(31, 1), cost = 2
(14, 1), cost = 2
(4, 1), cost = 2
(37, 1), cost = 3
(14, 1), cost = 2
(27, 1), cost = 11
(4, 1), cost = 2
(9, 1), cost = 2
(5, 1), cost = 2
(14, 1), cost = 2
(14, 1), cost = 2
(35, 1), cost = 3
(14, 1), cost = 2
(5, 1), cost = 2
(37, 1), cost = 3
(31, 0), cost = 3
(94, 0), cost = 4
(31, 0), cost = 3
(27, 1), cost = 11
(9, 1), cost = 2
(5, 1), cost = 2
(4, 1), cost = 3
(14, 1), cost = 2
(35, 1), cost = 3
(14, 1), cost = 2
(5, 1), cost = 2
(37, 1), cost = 3
(94, 0), cost = 4
(27, 1), cost = 24
(5, 1), cost = 2
(4, 1), cost = 3
(35, 1), cost = 3
(14, 1), cost = 2
(9, 1), cost = 3
(35, 1), cost = 3
(14, 1), cost = 2
(5, 1), cost = 2
(37, 1), cost = 3
(31, 0), cost = 3
(94, 0), cost = 4
(31, 0), cost = 3
(69, 0), cost = 72
(47, 1), cost = 8
(42, 0), cost = 12
(112, 1), cost = 3
(69, 0), cost = 72
(47, 1), cost = 8
(42, 0), cost = 12
(112, 1), cost = 3
(69, 0), cost = 72
(42, 1), cost = 12
(47, 0), cost = 8
(112, 1), cost = 3
(99, 1), cost = 3
(108, 1), cost = 2
(69, 0), cost = 72
(42, 1), cost = 12
(47, 0), cost = 8
(112, 1), cost = 3
(99, 1), cost = 3
(108, 1), cost = 2
(69, 0), cost = 72
(42, 1), cost = 12
(47, 0), cost = 8
(112, 1), cost = 3
(99, 1), cost = 3
(108, 1), cost = 2
(69, 0), cost = 72
(42, 1), cost = 12
(47, 0), cost = 8
(112, 1), cost = 3
(99, 1), cost = 3
(108, 1), cost = 2
(69, 0), cost = 72
(42, 1), cost = 12
(47, 0), cost = 8
(112, 1), cost = 3
(99, 1), cost = 3
(108, 1), cost = 2
(69, 0), cost = 72
(42, 1), cost = 12
(47, 0), cost = 8
(112, 1), cost = 3
(99, 1), cost = 3
(108, 1), cost = 2
(69, 0), cost = 72
(42, 1), cost = 12
(47, 0), cost = 8
(112, 1), cost = 3
(99, 1), cost = 3
(108, 1), cost = 2
(69, 0), cost = 72
(42, 1), cost = 12
(47, 0), cost = 8
(112, 1), cost = 3
(99, 1), cost = 3
(108, 1), cost = 2
(69, 0), cost = 72
(42, 1), cost = 12
(47, 0), cost = 8
(112, 1), cost = 3
(99, 1), cost = 3
(108, 1), cost = 2
(69, 0), cost = 72
(42, 1), cost = 12
(47, 0), cost = 8
(112, 1), cost = 3
(99, 1), cost = 3
(108, 1), cost = 2
(69, 0), cost = 72
(37, 1), cost = 25
(47, 0), cost = 9
(29, 0), cost = 10
(69, 0), cost = 72
(37, 1), cost = 25
(47, 1), cost = 9
(29, 0), cost = 10
(27, 1), cost = 11
(27, 1), cost = 11
(94, 1), cost = 3
(27, 1), cost = 11
(94, 1), cost = 3
(27, 1), cost = 11
(94, 1), cost = 3
(27, 1), cost = 11
(94, 1), cost = 3
(32, 0), cost = 19
(73, 1), cost = 15
(80, 1), cost = 12
(34, 0), cost = 10
(24, 0), cost = 12
(83, 1), cost = 3
(32, 0), cost = 19
(113, 1), cost = 3
(32, 0), cost = 19
(73, 1), cost = 15
(80, 1), cost = 12
(34, 0), cost = 10
(20, 1), cost = 39
(32, 0), cost = 19
(30, 0), cost = 14
(34, 0), cost = 13
(51, 0), cost = 7
(20, 1), cost = 39
(24, 0), cost = 23
(32, 0), cost = 19
(34, 0), cost = 13
(51, 0), cost = 7
(34, 1), cost = 40
(20, 1), cost = 36
(28, 1), cost = 25
(24, 0), cost = 5
(18, 1), cost = 44
(20, 1), cost = 36
(28, 1), cost = 25
(24, 0), cost = 5
(32, 0), cost = 3
(51, 0), cost = 6
(103, 1), cost = 2
(102, 1), cost = 3
(51, 0), cost = 6
(103, 1), cost = 2
(102, 1), cost = 3
(51, 0), cost = 6
(103, 1), cost = 2
(102, 1), cost = 3
(51, 0), cost = 6
(103, 1), cost = 2
(102, 1), cost = 3
(51, 0), cost = 6
(103, 1), cost = 2
(102, 1), cost = 3
(103, 1), cost = 2
(102, 1), cost = 3
(69, 0), cost = 72
(47, 1), cost = 8
(42, 0), cost = 12
(112, 1), cost = 3
(53, 0), cost = 7
(10, 0), cost = 4
(112, 1), cost = 3
(53, 0), cost = 7
(112, 1), cost = 3
(24, 0), cost = 12
(83, 1), cost = 3
(24, 0), cost = 12
(83, 1), cost = 3
(24, 0), cost = 12
(83, 1), cost = 3
(27, 1), cost = 11
(19, 0), cost = 6
(94, 1), cost = 3
(5, 1), cost = 2
(28, 0), cost = 11
(42, 0), cost = 5
(36, 0), cost = 5
(32, 0), cost = 6
(23, 0), cost = 5
(11, 0), cost = 7
(22, 1), cost = 4
(27, 1), cost = 3
(28, 0), cost = 11
(42, 0), cost = 5
(36, 0), cost = 5
(32, 0), cost = 6
(23, 0), cost = 5
(11, 0), cost = 7
(22, 1), cost = 4
(27, 1), cost = 3
(28, 0), cost = 11
(42, 0), cost = 5
(36, 0), cost = 5
(32, 0), cost = 6
(23, 0), cost = 5
(11, 0), cost = 7
(22, 1), cost = 4
(27, 1), cost = 3
(28, 0), cost = 11
(42, 0), cost = 5
(36, 0), cost = 5
(32, 0), cost = 6
(23, 0), cost = 5
(11, 0), cost = 7
(22, 1), cost = 4
(27, 1), cost = 3
(8, 1), cost = 2
(9, 1), cost = 2
(39, 1), cost = 3
(66, 1), cost = 3
(75, 1), cost = 3
(77, 1), cost = 3
(79, 1), cost = 3
(81, 1), cost = 3
(82, 1), cost = 3
(87, 1), cost = 2
(7, 0), cost = 3
(7, 0), cost = 3
(90, 1), cost = 2
(112, 1), cost = 3
(113, 1), cost = 3
(7, 0), cost = 3
(112, 1), cost = 3
(90, 1), cost = 2
(112, 1), cost = 3
(113, 1), cost = 3
(7, 0), cost = 3
(98, 0), cost = 4
(112, 1), cost = 3
(51, 0), cost = 6
(90, 1), cost = 2
(47, 1), cost = 10
(103, 1), cost = 2
(108, 1), cost = 3
(105, 1), cost = 3
(96, 1), cost = 3
(96, 1), cost = 3
(96, 1), cost = 3
(96, 1), cost = 3
(86, 1), cost = 3
(86, 1), cost = 3
(86, 1), cost = 3
(86, 1), cost = 3
(8, 1), cost = 2
(89, 1), cost = 3
(8, 1), cost = 2
(9, 1), cost = 2
(39, 1), cost = 3
(66, 1), cost = 3
(75, 1), cost = 3
(77, 1), cost = 3
(79, 1), cost = 3
(81, 1), cost = 3
(82, 1), cost = 3
(87, 1), cost = 2
(83, 1), cost = 3
(82, 1), cost = 3
(87, 1), cost = 2
(83, 1), cost = 3
(44, 0), cost = 9
(112, 1), cost = 3
(87, 1), cost = 2
(47, 1), cost = 5
(7, 0), cost = 3
(98, 0), cost = 4
(103, 1), cost = 2
(103, 1), cost = 2
(105, 1), cost = 3
(105, 1), cost = 3
(105, 1), cost = 3
(102, 1), cost = 2
(96, 1), cost = 3
(96, 1), cost = 3
(92, 1), cost = 3
(103, 1), cost = 3
(86, 1), cost = 3
(86, 1), cost = 3
(86, 1), cost = 3
(86, 1), cost = 3
(27, 1), cost = 28
(5, 1), cost = 2
(4, 1), cost = 3
(35, 1), cost = 3
(14, 1), cost = 2
(9, 1), cost = 3
(34, 1), cost = 3
(37, 1), cost = 3
(14, 1), cost = 2
(27, 1), cost = 25
(5, 1), cost = 2
(4, 1), cost = 3
(35, 1), cost = 3
(14, 1), cost = 2
(9, 1), cost = 3
(35, 1), cost = 3
(14, 1), cost = 2
(5, 1), cost = 2
(37, 1), cost = 3
(31, 0), cost = 3
(94, 0), cost = 4
(31, 0), cost = 3
(27, 1), cost = 25
(5, 1), cost = 2
(4, 1), cost = 3
(35, 1), cost = 3
(14, 1), cost = 2
(9, 1), cost = 3
(35, 1), cost = 3
(14, 1), cost = 2
(5, 1), cost = 2
(37, 1), cost = 3
(31, 0), cost = 3
(94, 0), cost = 4
(31, 0), cost = 3
(42, 0), cost = 5
(29, 0), cost = 5
(43, 1), cost = 3
(7, 1), cost = 2
(13, 0), cost = 7
(7, 1), cost = 2
(6, 1), cost = 2
(5, 1), cost = 2
(10, 1), cost = 2
(9, 1), cost = 3
(7, 1), cost = 2
(12, 1), cost = 3
(10, 1), cost = 2
(45, 1), cost = 3
(21, 1), cost = 3
(21, 1), cost = 3
(12, 1), cost = 3
(9, 1), cost = 2
(5, 1), cost = 2
(9, 1), cost = 2
(7, 1), cost = 2
(24, 1), cost = 3
(10, 1), cost = 2
(24, 1), cost = 3
(37, 1), cost = 2
(10, 1), cost = 2
(7, 1), cost = 2
(33, 1), cost = 2
(33, 1), cost = 2
(6, 1), cost = 2
(35, 1), cost = 2
(27, 1), cost = 3
(35, 1), cost = 2
(11, 0), cost = 4
(37, 1), cost = 2
(21, 1), cost = 3
(62, 1), cost = 2
(21, 1), cost = 3
(10, 1), cost = 2
(6, 1), cost = 2
(35, 1), cost = 2
(6, 1), cost = 2
(27, 1), cost = 3
(10, 1), cost = 2
(21, 1), cost = 3
(6, 1), cost = 2
(27, 1), cost = 3
(27, 1), cost = 3
(28, 0), cost = 11
(42, 0), cost = 5
(43, 1), cost = 3
(27, 1), cost = 3
(35, 1), cost = 2
(7, 1), cost = 2
(21, 1), cost = 3
(5, 1), cost = 2
(22, 1), cost = 7
(7, 1), cost = 3
(9, 1), cost = 6
(12, 1), cost = 3
(21, 1), cost = 3
(7, 1), cost = 2
(21, 1), cost = 3
(12, 1), cost = 3
(55, 1), cost = 3
(23, 0), cost = 9
(35, 1), cost = 2
(55, 1), cost = 3
(23, 0), cost = 9
(35, 1), cost = 2
(7, 1), cost = 2
(4, 0), cost = 3
(4, 0), cost = 3
(7, 1), cost = 3
(37, 1), cost = 2
(35, 1), cost = 2
(28, 0), cost = 11
(42, 0), cost = 5
(43, 1), cost = 3
(27, 1), cost = 3
(35, 1), cost = 2
(7, 1), cost = 2
(21, 1), cost = 3
(5, 1), cost = 2
(22, 1), cost = 7
(7, 1), cost = 3
(9, 1), cost = 6
(12, 1), cost = 3
(21, 1), cost = 3
(7, 1), cost = 2
(21, 1), cost = 3
(12, 1), cost = 3
(55, 1), cost = 3
(23, 0), cost = 9
(35, 1), cost = 2
(55, 1), cost = 3
(23, 0), cost = 9
(35, 1), cost = 2
(7, 1), cost = 2
(4, 0), cost = 3
(4, 0), cost = 3
(7, 1), cost = 3
(37, 1), cost = 2
(35, 1), cost = 2
(35, 1), cost = 2
(11, 0), cost = 4
(21, 1), cost = 3
(21, 1), cost = 3
(55, 1), cost = 3
(23, 0), cost = 8
(35, 1), cost = 2
(21, 1), cost = 3
(28, 0), cost = 11
(42, 0), cost = 5
(43, 1), cost = 3
(27, 1), cost = 3
(53, 0), cost = 7
(10, 0), cost = 4
(112, 1), cost = 3
(53, 0), cost = 7
(10, 0), cost = 4
(112, 1), cost = 3
(53, 1), cost = 24
(1251, 1), cost = 17
(1250, 1), cost = 17
(1249, 1), cost = 17
(53, 1), cost = 24
(1251, 1), cost = 17
(1250, 1), cost = 17
(1249, 1), cost = 17
(19, 1), cost = 3
(21, 1), cost = 3
(23, 1), cost = 3
(25, 1), cost = 3
(73, 1), cost = 3
(103, 1), cost = 3
(133, 1), cost = 3
(169, 1), cost = 3
(164, 1), cost = 3
(177, 1), cost = 3
(179, 1), cost = 3
(181, 1), cost = 3
(183, 1), cost = 3
(53, 0), cost = 7
(10, 0), cost = 4
(112, 1), cost = 3
(27, 1), cost = 11
(651, 1), cost = 2
(19, 0), cost = 6
(5, 1), cost = 2
(27, 1), cost = 11
(651, 1), cost = 2
(19, 0), cost = 6
(5, 1), cost = 2
(27, 1), cost = 11
(19, 0), cost = 6
(94, 1), cost = 3
(5, 1), cost = 2
(27, 1), cost = 11
(17, 0), cost = 9
(19, 0), cost = 6
(34, 1), cost = 3
(9, 1), cost = 3
(28, 0), cost = 11
(42, 0), cost = 5
(43, 1), cost = 3
(27, 1), cost = 3
(28, 0), cost = 11
(42, 0), cost = 5
(43, 1), cost = 3
(27, 1), cost = 3
(28, 0), cost = 11
(42, 0), cost = 5
(43, 1), cost = 3
(27, 1), cost = 3
(28, 0), cost = 11
(42, 0), cost = 5
(43, 1), cost = 3
(27, 1), cost = 3
(28, 0), cost = 11
(42, 0), cost = 5
(43, 1), cost = 3
(27, 1), cost = 3
(28, 0), cost = 11
(42, 0), cost = 5
(43, 1), cost = 3
(27, 1), cost = 3
(28, 0), cost = 11
(42, 0), cost = 5
(43, 1), cost = 3
(27, 1), cost = 3
(28, 0), cost = 11
(42, 0), cost = 5
(43, 1), cost = 3
(27, 1), cost = 3
(28, 0), cost = 11
(42, 0), cost = 5
(43, 1), cost = 3
(27, 1), cost = 3
(28, 0), cost = 11
(42, 0), cost = 5
(43, 1), cost = 3
(27, 1), cost = 3
(28, 0), cost = 11
(42, 0), cost = 5
(43, 1), cost = 3
(27, 1), cost = 3
(29, 0), cost = 5
(29, 0), cost = 5
(29, 0), cost = 5
(29, 0), cost = 5
(29, 0), cost = 5
(29, 0), cost = 5
(29, 0), cost = 5
(29, 0), cost = 5
(29, 0), cost = 5
(29, 0), cost = 5
(29, 0), cost = 5
(29, 0), cost = 5
(42, 0), cost = 5
(29, 0), cost = 5
(43, 1), cost = 3
(42, 0), cost = 5
(29, 0), cost = 5
(43, 1), cost = 3
(42, 0), cost = 5
(29, 0), cost = 5
(43, 1), cost = 3
(42, 0), cost = 5
(29, 0), cost = 5
(43, 1), cost = 3
(28, 0), cost = 11
(42, 0), cost = 5
(43, 1), cost = 3
(27, 1), cost = 3
(28, 0), cost = 11
(42, 0), cost = 5
(43, 1), cost = 3
(27, 1), cost = 3
(28, 0), cost = 11
(42, 0), cost = 5
(43, 1), cost = 3
(27, 1), cost = 3
(28, 0), cost = 11
(42, 0), cost = 5
(43, 1), cost = 3
(27, 1), cost = 3
(28, 0), cost = 11
(42, 0), cost = 5
(43, 1), cost = 3
(27, 1), cost = 3
(28, 0), cost = 11
(42, 0), cost = 5
(43, 1), cost = 3
(27, 1), cost = 3
(28, 0), cost = 11
(42, 0), cost = 5
(43, 1), cost = 3
(27, 1), cost = 3
(28, 0), cost = 11
(42, 0), cost = 5
(43, 1), cost = 3
(27, 1), cost = 3
(28, 0), cost = 11
(42, 0), cost = 5
(43, 1), cost = 3
(27, 1), cost = 3
(28, 0), cost = 11
(42, 0), cost = 5
(43, 1), cost = 3
(27, 1), cost = 3
(28, 0), cost = 11
(42, 0), cost = 5
(43, 1), cost = 3
(27, 1), cost = 3
(28, 0), cost = 11
(42, 0), cost = 5
(43, 1), cost = 3
(27, 1), cost = 3
(28, 0), cost = 11
(42, 0), cost = 5
(43, 1), cost = 3
(27, 1), cost = 3
(28, 0), cost = 11
(42, 0), cost = 5
(43, 1), cost = 3
(27, 1), cost = 3
(28, 0), cost = 11
(42, 0), cost = 5
(43, 1), cost = 3
(27, 1), cost = 3
(28, 0), cost = 11
(42, 0), cost = 5
(43, 1), cost = 3
(27, 1), cost = 3
(28, 0), cost = 11
(42, 0), cost = 5
(43, 1), cost = 3
(27, 1), cost = 3
(28, 0), cost = 11
(42, 0), cost = 5
(43, 1), cost = 3
(27, 1), cost = 3
(28, 0), cost = 11
(42, 0), cost = 5
(43, 1), cost = 3
(27, 1), cost = 3
(28, 0), cost = 11
(42, 0), cost = 5
(43, 1), cost = 3
(27, 1), cost = 3
(28, 0), cost = 11
(42, 0), cost = 5
(43, 1), cost = 3
(27, 1), cost = 3
(28, 0), cost = 11
(42, 0), cost = 5
(43, 1), cost = 3
(27, 1), cost = 3
(28, 0), cost = 11
(42, 0), cost = 5
(43, 1), cost = 3
(27, 1), cost = 3
(28, 0), cost = 11
(42, 0), cost = 5
(43, 1), cost = 3
(27, 1), cost = 3
(28, 0), cost = 11
(42, 0), cost = 5
(43, 1), cost = 3
(27, 1), cost = 3
(28, 0), cost = 11
(42, 0), cost = 5
(43, 1), cost = 3
(27, 1), cost = 3
(28, 0), cost = 11
(42, 0), cost = 5
(43, 1), cost = 3
(27, 1), cost = 3
(28, 0), cost = 11
(42, 0), cost = 5
(43, 1), cost = 3
(27, 1), cost = 3
(28, 0), cost = 11
(42, 0), cost = 5
(43, 1), cost = 3
(27, 1), cost = 3
(28, 0), cost = 11
(42, 0), cost = 5
(43, 1), cost = 3
(27, 1), cost = 3
(28, 0), cost = 11
(42, 0), cost = 5
(43, 1), cost = 3
(27, 1), cost = 3
(28, 0), cost = 11
(42, 0), cost = 5
(43, 1), cost = 3
(27, 1), cost = 3
(28, 0), cost = 11
(42, 0), cost = 5
(43, 1), cost = 3
(27, 1), cost = 3
(28, 0), cost = 11
(42, 0), cost = 5
(43, 1), cost = 3
(27, 1), cost = 3
(28, 0), cost = 11
(42, 0), cost = 5
(43, 1), cost = 3
(27, 1), cost = 3
(28, 0), cost = 11
(42, 0), cost = 5
(43, 1), cost = 3
(27, 1), cost = 3
(28, 0), cost = 11
(42, 0), cost = 5
(43, 1), cost = 3
(27, 1), cost = 3
(28, 0), cost = 11
(42, 0), cost = 5
(43, 1), cost = 3
(27, 1), cost = 3
(28, 0), cost = 11
(42, 0), cost = 5
(43, 1), cost = 3
(27, 1), cost = 3
(28, 0), cost = 11
(42, 0), cost = 5
(43, 1), cost = 3
(27, 1), cost = 3
(28, 0), cost = 11
(42, 0), cost = 5
(43, 1), cost = 3
(27, 1), cost = 3
(28, 0), cost = 11
(42, 0), cost = 5
(43, 1), cost = 3
(27, 1), cost = 3
(28, 0), cost = 11
(42, 0), cost = 5
(43, 1), cost = 3
(27, 1), cost = 3
(28, 0), cost = 11
(42, 0), cost = 5
(43, 1), cost = 3
(27, 1), cost = 3
(28, 0), cost = 11
(42, 0), cost = 5
(43, 1), cost = 3
(27, 1), cost = 3
(28, 0), cost = 11
(42, 0), cost = 5
(43, 1), cost = 3
(27, 1), cost = 3
(28, 0), cost = 11
(42, 0), cost = 5
(43, 1), cost = 3
(27, 1), cost = 3
(28, 0), cost = 11
(42, 0), cost = 5
(43, 1), cost = 3
(27, 1), cost = 3
(28, 0), cost = 11
(42, 0), cost = 5
(43, 1), cost = 3
(27, 1), cost = 3
(28, 0), cost = 11
(42, 0), cost = 5
(43, 1), cost = 3
(27, 1), cost = 3
(28, 0), cost = 11
(42, 0), cost = 5
(43, 1), cost = 3
(27, 1), cost = 3
(28, 0), cost = 11
(42, 0), cost = 5
(23, 0), cost = 5
(43, 1), cost = 3
(27, 1), cost = 3
(35, 1), cost = 2
(31, 0), cost = 25
(29, 0), cost = 6
(26, 0), cost = 7
(42, 0), cost = 6
(41, 1), cost = 8
(53, 0), cost = 7
(10, 0), cost = 4
(112, 1), cost = 3
(53, 0), cost = 7
(10, 0), cost = 4
(112, 1), cost = 3
(29, 0), cost = 5
(29, 0), cost = 5
(29, 0), cost = 5
(29, 0), cost = 5
(29, 0), cost = 5
(29, 0), cost = 5
(29, 0), cost = 5
(29, 0), cost = 5
(29, 0), cost = 5
(29, 0), cost = 5
(29, 0), cost = 5
(29, 0), cost = 5
(31, 0), cost = 25
(29, 0), cost = 6
(26, 0), cost = 7
(42, 0), cost = 6
(41, 1), cost = 8
(31, 0), cost = 25
(29, 0), cost = 6
(26, 0), cost = 7
(42, 0), cost = 6
(41, 1), cost = 8
(53, 0), cost = 8
(183, 1), cost = 3
(177, 1), cost = 3
(175, 1), cost = 2
(174, 1), cost = 3
(53, 1), cost = 24
(1251, 1), cost = 17
(1250, 1), cost = 17
(1249, 1), cost = 17
(1350, 1), cost = 18
(63, 1), cost = 17
(43, 1), cost = 15
(33, 1), cost = 24
(949, 1), cost = 17
(33, 1), cost = 24
(949, 1), cost = 17
(33, 1), cost = 24
(949, 1), cost = 17
(1350, 1), cost = 18
(63, 1), cost = 17
(43, 1), cost = 15
(1350, 1), cost = 18
(63, 1), cost = 17
(43, 1), cost = 15
(53, 0), cost = 8
(183, 1), cost = 3
(177, 1), cost = 3
(175, 1), cost = 2
(174, 1), cost = 3
(53, 0), cost = 8
(183, 1), cost = 3
(177, 1), cost = 3
(175, 1), cost = 2
(174, 1), cost = 3
(53, 0), cost = 8
(183, 1), cost = 3
(177, 1), cost = 3
(175, 1), cost = 2
(174, 1), cost = 3
(112, 1), cost = 3
(112, 1), cost = 3
(112, 1), cost = 3
(112, 1), cost = 3
(112, 1), cost = 3
(112, 1), cost = 3
(112, 1), cost = 3
(112, 1), cost = 3
(112, 1), cost = 3
(112, 1), cost = 3
(29, 0), cost = 5
(112, 1), cost = 3
(112, 1), cost = 3
(112, 1), cost = 3
(112, 1), cost = 3
(53, 0), cost = 8
(183, 1), cost = 3
(177, 1), cost = 3
(175, 1), cost = 2
(174, 1), cost = 3
(53, 0), cost = 8
(183, 1), cost = 3
(177, 1), cost = 3
(175, 1), cost = 2
(174, 1), cost = 3
(53, 0), cost = 8
(183, 1), cost = 3
(177, 1), cost = 3
(175, 1), cost = 2
(174, 1), cost = 3
(53, 0), cost = 8
(183, 1), cost = 3
(177, 1), cost = 3
(175, 1), cost = 2
(174, 1), cost = 3
(53, 0), cost = 8
(183, 1), cost = 3
(177, 1), cost = 3
(175, 1), cost = 2
(174, 1), cost = 3
(53, 0), cost = 8
(183, 1), cost = 3
(177, 1), cost = 3
(175, 1), cost = 2
(174, 1), cost = 3
(53, 0), cost = 8
(183, 1), cost = 3
(177, 1), cost = 3
(175, 1), cost = 2
(174, 1), cost = 3
(82, 0), cost = 22
(74, 0), cost = 21
(68, 0), cost = 7
(60, 0), cost = 7
(227, 1), cost = 3
(222, 1), cost = 3
(191, 1), cost = 3
(183, 1), cost = 3
(181, 1), cost = 3
(175, 1), cost = 3
(47, 1), cost = 41
(61, 1), cost = 15
(47, 1), cost = 41
(61, 1), cost = 15
(42, 0), cost = 20
(44, 0), cost = 4
(177, 1), cost = 3
(29, 0), cost = 5
(29, 0), cost = 5
(29, 0), cost = 5
(29, 0), cost = 5
(29, 0), cost = 5
(29, 0), cost = 5
(29, 0), cost = 5
(29, 0), cost = 5
(42, 0), cost = 5
(29, 0), cost = 5
(43, 1), cost = 3
(42, 0), cost = 5
(29, 0), cost = 5
(43, 1), cost = 3
(42, 0), cost = 5
(29, 0), cost = 5
(43, 1), cost = 3
(42, 0), cost = 5
(29, 0), cost = 5
(43, 1), cost = 3
(29, 0), cost = 5
(34, 1), cost = 40
(20, 1), cost = 36
(28, 1), cost = 25
(24, 0), cost = 5
(20, 1), cost = 39
(24, 0), cost = 23
(32, 0), cost = 19
(34, 0), cost = 13
(51, 0), cost = 7
(20, 1), cost = 39
(32, 0), cost = 19
(30, 0), cost = 14
(34, 0), cost = 13
(51, 0), cost = 7
(32, 0), cost = 19
(73, 1), cost = 15
(80, 1), cost = 12
(34, 0), cost = 10
(32, 0), cost = 19
(73, 1), cost = 15
(80, 1), cost = 12
(34, 0), cost = 10
(32, 0), cost = 19
(73, 1), cost = 15
(80, 1), cost = 12
(34, 0), cost = 10
(32, 0), cost = 19
(73, 1), cost = 15
(80, 1), cost = 12
(34, 0), cost = 10
(32, 0), cost = 19
(73, 1), cost = 15
(80, 1), cost = 12
(34, 0), cost = 10
(32, 0), cost = 19
(73, 1), cost = 15
(80, 1), cost = 12
(34, 0), cost = 10
(32, 0), cost = 19
(73, 1), cost = 15
(80, 1), cost = 12
(34, 0), cost = 10
(32, 0), cost = 19
(73, 1), cost = 15
(80, 1), cost = 12
(34, 0), cost = 10
(32, 0), cost = 19
(73, 1), cost = 15
(80, 1), cost = 12
(34, 0), cost = 10
(32, 0), cost = 19
(73, 1), cost = 15
(80, 1), cost = 12
(34, 0), cost = 10
(32, 0), cost = 19
(73, 1), cost = 15
(80, 1), cost = 12
(34, 0), cost = 10
(32, 0), cost = 19
(73, 1), cost = 15
(80, 1), cost = 12
(34, 0), cost = 10
(32, 0), cost = 19
(73, 1), cost = 15
(80, 1), cost = 12
(34, 0), cost = 10
(32, 0), cost = 19
(73, 1), cost = 15
(80, 1), cost = 12
(34, 0), cost = 10
(32, 0), cost = 19
(73, 1), cost = 15
(80, 1), cost = 12
(34, 0), cost = 10
(32, 0), cost = 19
(73, 1), cost = 15
(80, 1), cost = 12
(34, 0), cost = 10
(32, 0), cost = 19
(73, 1), cost = 15
(80, 1), cost = 12
(34, 0), cost = 10
(32, 0), cost = 19
(73, 1), cost = 15
(80, 1), cost = 12
(34, 0), cost = 10
(32, 0), cost = 19
(73, 1), cost = 15
(80, 1), cost = 12
(34, 0), cost = 10
(32, 0), cost = 19
(73, 1), cost = 15
(80, 1), cost = 12
(34, 0), cost = 10
(32, 0), cost = 19
(73, 1), cost = 15
(80, 1), cost = 12
(34, 0), cost = 10
(32, 0), cost = 19
(73, 1), cost = 15
(80, 1), cost = 12
(34, 0), cost = 10
(32, 0), cost = 19
(73, 1), cost = 15
(80, 1), cost = 12
(34, 0), cost = 10
(32, 0), cost = 19
(73, 1), cost = 15
(80, 1), cost = 12
(34, 0), cost = 10
(32, 0), cost = 19
(73, 1), cost = 15
(80, 1), cost = 12
(34, 0), cost = 10
(32, 0), cost = 19
(73, 1), cost = 15
(80, 1), cost = 12
(34, 0), cost = 10
(32, 0), cost = 19
(73, 1), cost = 15
(80, 1), cost = 12
(34, 0), cost = 10
(82, 0), cost = 60
(52, 0), cost = 11
(200252, 1), cost = 7
(200258, 1), cost = 5
(200257, 1), cost = 3
(47, 1), cost = 41
(61, 1), cost = 15
(42, 0), cost = 20
(44, 0), cost = 4
(177, 1), cost = 3
(32, 0), cost = 19
(73, 1), cost = 15
(80, 1), cost = 12
(34, 0), cost = 10
(32, 0), cost = 19
(73, 1), cost = 15
(80, 1), cost = 12
(34, 0), cost = 10
(29, 0), cost = 5
(29, 0), cost = 5
(29, 0), cost = 5
(29, 0), cost = 5
(29, 0), cost = 5
(29, 0), cost = 5
(29, 0), cost = 5
(31, 0), cost = 25
(41, 0), cost = 15
(18, 1), cost = 11
(25, 0), cost = 5
(8, 0), cost = 7
(28, 0), cost = 3
(24, 0), cost = 12
(83, 1), cost = 3
(24, 0), cost = 12
(83, 1), cost = 3
(24, 0), cost = 12
(83, 1), cost = 3
(24, 0), cost = 12
(83, 1), cost = 3
(47, 1), cost = 41
(61, 1), cost = 15
(42, 0), cost = 20
(44, 0), cost = 4
(177, 1), cost = 3
(29, 0), cost = 5
(29, 0), cost = 5
